TN:
SF:electron\main\advanced-license-manager.ts
FN:30,(anonymous_0)
FN:46,(anonymous_1)
FN:63,(anonymous_2)
FN:64,(anonymous_3)
FN:87,(anonymous_4)
FN:98,(anonymous_5)
FN:110,(anonymous_6)
FN:128,(anonymous_7)
FN:139,(anonymous_8)
FN:152,(anonymous_9)
FN:168,(anonymous_10)
FN:196,(anonymous_11)
FN:216,(anonymous_12)
FN:245,(anonymous_13)
FN:254,(anonymous_14)
FN:265,(anonymous_15)
FN:341,(anonymous_16)
FN:403,(anonymous_17)
FN:410,(anonymous_18)
FN:425,(anonymous_19)
FN:435,(anonymous_20)
FN:462,(anonymous_21)
FN:480,getAdvancedLicenseManager
FNF:23
FNH:0
FNDA:0,(anonymous_0)
FNDA:0,(anonymous_1)
FNDA:0,(anonymous_2)
FNDA:0,(anonymous_3)
FNDA:0,(anonymous_4)
FNDA:0,(anonymous_5)
FNDA:0,(anonymous_6)
FNDA:0,(anonymous_7)
FNDA:0,(anonymous_8)
FNDA:0,(anonymous_9)
FNDA:0,(anonymous_10)
FNDA:0,(anonymous_11)
FNDA:0,(anonymous_12)
FNDA:0,(anonymous_13)
FNDA:0,(anonymous_14)
FNDA:0,(anonymous_15)
FNDA:0,(anonymous_16)
FNDA:0,(anonymous_17)
FNDA:0,(anonymous_18)
FNDA:0,(anonymous_19)
FNDA:0,(anonymous_20)
FNDA:0,(anonymous_21)
FNDA:0,getAdvancedLicenseManager
DA:1,0
DA:2,0
DA:3,0
DA:4,0
DA:5,0
DA:6,0
DA:7,0
DA:21,0
DA:22,0
DA:23,0
DA:24,0
DA:25,0
DA:26,0
DA:27,0
DA:28,0
DA:31,0
DA:34,0
DA:35,0
DA:36,0
DA:39,0
DA:47,0
DA:49,0
DA:52,0
DA:53,0
DA:56,0
DA:57,0
DA:60,0
DA:61,0
DA:63,0
DA:64,0
DA:69,0
DA:70,0
DA:76,0
DA:78,0
DA:80,0
DA:89,0
DA:90,0
DA:92,0
DA:99,0
DA:104,0
DA:111,0
DA:119,0
DA:129,0
DA:130,0
DA:140,0
DA:141,0
DA:143,0
DA:144,0
DA:146,0
DA:153,0
DA:154,0
DA:155,0
DA:157,0
DA:159,0
DA:160,0
DA:162,0
DA:169,0
DA:171,0
DA:172,0
DA:178,0
DA:179,0
DA:180,0
DA:183,0
DA:184,0
DA:186,0
DA:188,0
DA:189,0
DA:197,0
DA:198,0
DA:199,0
DA:202,0
DA:203,0
DA:204,0
DA:206,0
DA:208,0
DA:209,0
DA:217,0
DA:218,0
DA:219,0
DA:222,0
DA:225,0
DA:226,0
DA:227,0
DA:231,0
DA:232,0
DA:233,0
DA:236,0
DA:238,0
DA:246,0
DA:247,0
DA:248,0
DA:249,0
DA:252,0
DA:254,0
DA:255,0
DA:258,0
DA:270,0
DA:272,0
DA:273,0
DA:277,0
DA:278,0
DA:281,0
DA:283,0
DA:284,0
DA:288,0
DA:289,0
DA:293,0
DA:294,0
DA:301,0
DA:302,0
DA:303,0
DA:305,0
DA:306,0
DA:314,0
DA:315,0
DA:316,0
DA:320,0
DA:321,0
DA:322,0
DA:328,0
DA:329,0
DA:331,0
DA:333,0
DA:334,0
DA:346,0
DA:348,0
DA:349,0
DA:353,0
DA:354,0
DA:355,0
DA:359,0
DA:361,0
DA:362,0
DA:369,0
DA:377,0
DA:379,0
DA:381,0
DA:386,0
DA:392,0
DA:393,0
DA:405,0
DA:406,0
DA:410,0
DA:411,0
DA:412,0
DA:414,0
DA:415,0
DA:417,0
DA:426,0
DA:427,0
DA:428,0
DA:436,0
DA:438,0
DA:439,0
DA:442,0
DA:443,0
DA:456,0
DA:463,0
DA:464,0
DA:466,0
DA:467,0
DA:469,0
DA:471,0
DA:472,0
DA:478,0
DA:480,0
DA:481,0
DA:482,0
DA:484,0
DA:486,0
LF:170
LH:0
BRDA:57,0,0,0
BRDA:57,0,1,0
BRDA:63,1,0,0
BRDA:63,1,1,0
BRDA:63,1,2,0
BRDA:89,2,0,0
BRDA:89,2,1,0
BRDA:198,3,0,0
BRDA:198,3,1,0
BRDA:218,4,0,0
BRDA:218,4,1,0
BRDA:225,5,0,0
BRDA:225,5,1,0
BRDA:231,6,0,0
BRDA:231,6,1,0
BRDA:248,7,0,0
BRDA:248,7,1,0
BRDA:249,8,0,0
BRDA:249,8,1,0
BRDA:255,9,0,0
BRDA:255,9,1,0
BRDA:272,10,0,0
BRDA:272,10,1,0
BRDA:277,11,0,0
BRDA:277,11,1,0
BRDA:283,12,0,0
BRDA:283,12,1,0
BRDA:288,13,0,0
BRDA:288,13,1,0
BRDA:293,14,0,0
BRDA:293,14,1,0
BRDA:301,15,0,0
BRDA:301,15,1,0
BRDA:305,16,0,0
BRDA:305,16,1,0
BRDA:315,17,0,0
BRDA:315,17,1,0
BRDA:321,18,0,0
BRDA:321,18,1,0
BRDA:348,19,0,0
BRDA:348,19,1,0
BRDA:354,20,0,0
BRDA:354,20,1,0
BRDA:361,21,0,0
BRDA:361,21,1,0
BRDA:377,22,0,0
BRDA:377,22,1,0
BRDA:405,23,0,0
BRDA:405,23,1,0
BRDA:414,24,0,0
BRDA:414,24,1,0
BRDA:426,25,0,0
BRDA:426,25,1,0
BRDA:438,26,0,0
BRDA:438,26,1,0
BRDA:447,27,0,0
BRDA:447,27,1,0
BRDA:450,28,0,0
BRDA:450,28,1,0
BRDA:466,29,0,0
BRDA:466,29,1,0
BRDA:481,30,0,0
BRDA:481,30,1,0
BRF:63
BRH:0
end_of_record
TN:
SF:electron\main\backup.ts
FN:10,(anonymous_0)
FN:16,(anonymous_1)
FN:23,(anonymous_2)
FN:42,(anonymous_3)
FN:47,(anonymous_4)
FN:55,(anonymous_5)
FN:67,(anonymous_6)
FN:71,(anonymous_7)
FN:72,(anonymous_8)
FN:77,(anonymous_9)
FN:96,(anonymous_10)
FN:115,(anonymous_11)
FN:123,(anonymous_12)
FN:141,(anonymous_13)
FNF:14
FNH:0
FNDA:0,(anonymous_0)
FNDA:0,(anonymous_1)
FNDA:0,(anonymous_2)
FNDA:0,(anonymous_3)
FNDA:0,(anonymous_4)
FNDA:0,(anonymous_5)
FNDA:0,(anonymous_6)
FNDA:0,(anonymous_7)
FNDA:0,(anonymous_8)
FNDA:0,(anonymous_9)
FNDA:0,(anonymous_10)
FNDA:0,(anonymous_11)
FNDA:0,(anonymous_12)
FNDA:0,(anonymous_13)
DA:1,0
DA:2,0
DA:3,0
DA:5,0
DA:6,0
DA:7,0
DA:8,0
DA:11,0
DA:12,0
DA:13,0
DA:17,0
DA:18,0
DA:24,0
DA:25,0
DA:26,0
DA:27,0
DA:28,0
DA:31,0
DA:33,0
DA:34,0
DA:36,0
DA:37,0
DA:44,0
DA:47,0
DA:48,0
DA:49,0
DA:50,0
DA:51,0
DA:53,0
DA:55,0
DA:56,0
DA:57,0
DA:58,0
DA:62,0
DA:63,0
DA:68,0
DA:69,0
DA:70,0
DA:71,0
DA:72,0
DA:77,0
DA:80,0
DA:82,0
DA:83,0
DA:84,0
DA:87,0
DA:88,0
DA:91,0
DA:97,0
DA:98,0
DA:99,0
DA:101,0
DA:102,0
DA:103,0
DA:104,0
DA:106,0
DA:115,0
DA:117,0
DA:118,0
DA:124,0
DA:126,0
DA:127,0
DA:130,0
DA:132,0
DA:133,0
DA:135,0
DA:136,0
DA:142,0
DA:143,0
DA:144,0
DA:145,0
DA:147,0
DA:148,0
LF:73
LH:0
BRDA:17,0,0,0
BRDA:17,0,1,0
BRDA:71,1,0,0
BRDA:71,1,1,0
BRDA:87,2,0,0
BRDA:87,2,1,0
BRDA:102,3,0,0
BRDA:102,3,1,0
BRDA:102,4,0,0
BRDA:102,4,1,0
BRF:10
BRH:0
end_of_record
TN:
SF:electron\main\database.ts
FN:8,(anonymous_0)
FN:30,(anonymous_1)
FN:151,(anonymous_2)
FN:330,(anonymous_3)
FN:403,(anonymous_4)
FN:411,(anonymous_5)
FN:418,(anonymous_6)
FNF:7
FNH:3
FNDA:1,(anonymous_0)
FNDA:0,(anonymous_1)
FNDA:0,(anonymous_2)
FNDA:0,(anonymous_3)
FNDA:0,(anonymous_4)
FNDA:17,(anonymous_5)
FNDA:1,(anonymous_6)
DA:1,1
DA:2,1
DA:3,1
DA:4,1
DA:6,1
DA:8,1
DA:9,1
DA:10,1
DA:12,0
DA:15,0
DA:16,0
DA:19,0
DA:22,0
DA:25,0
DA:27,0
DA:30,1
DA:31,0
DA:34,0
DA:51,0
DA:74,0
DA:75,0
DA:76,0
DA:83,0
DA:96,0
DA:109,0
DA:120,0
DA:138,0
DA:150,0
DA:151,0
DA:153,0
DA:154,0
DA:156,0
DA:162,0
DA:195,0
DA:196,0
DA:197,0
DA:206,0
DA:208,0
DA:210,0
DA:211,0
DA:217,0
DA:253,0
DA:265,0
DA:266,0
DA:267,0
DA:278,0
DA:301,0
DA:302,0
DA:303,0
DA:310,0
DA:324,0
DA:330,0
DA:331,0
DA:338,0
DA:354,0
DA:368,0
DA:374,0
DA:380,0
DA:403,0
DA:404,0
DA:411,1
DA:412,17
DA:413,17
DA:415,0
DA:418,1
DA:419,1
DA:420,0
DA:421,0
LF:68
LH:14
BRDA:15,0,0,0
BRDA:15,0,1,0
BRDA:31,1,0,0
BRDA:31,1,1,0
BRDA:153,2,0,0
BRDA:153,2,1,0
BRDA:195,3,0,0
BRDA:195,3,1,0
BRDA:412,4,0,17
BRDA:412,4,1,0
BRDA:419,5,0,0
BRDA:419,5,1,1
BRF:12
BRH:2
end_of_record
TN:
SF:electron\main\index.ts
FN:20,(anonymous_0)
FN:46,(anonymous_1)
FN:50,(anonymous_2)
FN:55,(anonymous_3)
FN:82,(anonymous_4)
FN:89,(anonymous_5)
FN:96,(anonymous_6)
FN:124,(anonymous_7)
FN:138,(anonymous_8)
FN:191,(anonymous_9)
FN:246,(anonymous_10)
FN:258,(anonymous_11)
FN:271,(anonymous_12)
FN:293,(anonymous_13)
FN:303,(anonymous_14)
FN:314,(anonymous_15)
FN:336,(anonymous_16)
FN:346,(anonymous_17)
FN:357,(anonymous_18)
FN:437,(anonymous_19)
FN:634,(anonymous_20)
FN:636,(anonymous_21)
FN:660,(anonymous_22)
FN:662,(anonymous_23)
FN:671,(anonymous_24)
FN:673,(anonymous_25)
FN:682,(anonymous_26)
FN:688,(anonymous_27)
FN:699,(anonymous_28)
FN:709,(anonymous_29)
FN:720,(anonymous_30)
FN:733,(anonymous_31)
FN:743,(anonymous_32)
FN:753,(anonymous_33)
FN:790,(anonymous_34)
FN:804,(anonymous_35)
FN:838,(anonymous_36)
FN:891,(anonymous_37)
FN:902,(anonymous_38)
FN:962,(anonymous_39)
FN:977,(anonymous_40)
FN:1044,(anonymous_41)
FN:1056,(anonymous_42)
FN:1068,(anonymous_43)
FN:1080,(anonymous_44)
FN:1091,(anonymous_45)
FN:1106,(anonymous_46)
FN:1117,(anonymous_47)
FN:1128,(anonymous_48)
FN:1139,(anonymous_49)
FN:1174,(anonymous_50)
FN:1209,(anonymous_51)
FN:1226,(anonymous_52)
FN:1237,(anonymous_53)
FN:1298,(anonymous_54)
FN:1342,(anonymous_55)
FN:1391,(anonymous_56)
FN:1403,(anonymous_57)
FN:1430,(anonymous_58)
FN:1442,(anonymous_59)
FN:1454,(anonymous_60)
FNF:61
FNH:0
FNDA:0,(anonymous_0)
FNDA:0,(anonymous_1)
FNDA:0,(anonymous_2)
FNDA:0,(anonymous_3)
FNDA:0,(anonymous_4)
FNDA:0,(anonymous_5)
FNDA:0,(anonymous_6)
FNDA:0,(anonymous_7)
FNDA:0,(anonymous_8)
FNDA:0,(anonymous_9)
FNDA:0,(anonymous_10)
FNDA:0,(anonymous_11)
FNDA:0,(anonymous_12)
FNDA:0,(anonymous_13)
FNDA:0,(anonymous_14)
FNDA:0,(anonymous_15)
FNDA:0,(anonymous_16)
FNDA:0,(anonymous_17)
FNDA:0,(anonymous_18)
FNDA:0,(anonymous_19)
FNDA:0,(anonymous_20)
FNDA:0,(anonymous_21)
FNDA:0,(anonymous_22)
FNDA:0,(anonymous_23)
FNDA:0,(anonymous_24)
FNDA:0,(anonymous_25)
FNDA:0,(anonymous_26)
FNDA:0,(anonymous_27)
FNDA:0,(anonymous_28)
FNDA:0,(anonymous_29)
FNDA:0,(anonymous_30)
FNDA:0,(anonymous_31)
FNDA:0,(anonymous_32)
FNDA:0,(anonymous_33)
FNDA:0,(anonymous_34)
FNDA:0,(anonymous_35)
FNDA:0,(anonymous_36)
FNDA:0,(anonymous_37)
FNDA:0,(anonymous_38)
FNDA:0,(anonymous_39)
FNDA:0,(anonymous_40)
FNDA:0,(anonymous_41)
FNDA:0,(anonymous_42)
FNDA:0,(anonymous_43)
FNDA:0,(anonymous_44)
FNDA:0,(anonymous_45)
FNDA:0,(anonymous_46)
FNDA:0,(anonymous_47)
FNDA:0,(anonymous_48)
FNDA:0,(anonymous_49)
FNDA:0,(anonymous_50)
FNDA:0,(anonymous_51)
FNDA:0,(anonymous_52)
FNDA:0,(anonymous_53)
FNDA:0,(anonymous_54)
FNDA:0,(anonymous_55)
FNDA:0,(anonymous_56)
FNDA:0,(anonymous_57)
FNDA:0,(anonymous_58)
FNDA:0,(anonymous_59)
FNDA:0,(anonymous_60)
DA:1,0
DA:2,0
DA:3,0
DA:4,0
DA:10,0
DA:11,0
DA:12,0
DA:16,0
DA:18,0
DA:20,0
DA:21,0
DA:36,0
DA:37,0
DA:38,0
DA:40,0
DA:41,0
DA:42,0
DA:43,0
DA:46,0
DA:47,0
DA:50,0
DA:51,0
DA:55,0
DA:57,0
DA:60,0
DA:61,0
DA:62,0
DA:65,0
DA:66,0
DA:67,0
DA:69,0
DA:70,0
DA:71,0
DA:73,0
DA:76,0
DA:80,0
DA:82,0
DA:83,0
DA:84,0
DA:89,0
DA:90,0
DA:91,0
DA:96,0
DA:97,0
DA:98,0
DA:99,0
DA:100,0
DA:102,0
DA:103,0
DA:104,0
DA:107,0
DA:108,0
DA:109,0
DA:110,0
DA:111,0
DA:114,0
DA:116,0
DA:117,0
DA:119,0
DA:120,0
DA:124,0
DA:125,0
DA:126,0
DA:127,0
DA:128,0
DA:129,0
DA:131,0
DA:133,0
DA:134,0
DA:138,0
DA:139,0
DA:140,0
DA:141,0
DA:153,0
DA:184,0
DA:186,0
DA:187,0
DA:191,0
DA:192,0
DA:193,0
DA:194,0
DA:207,0
DA:239,0
DA:241,0
DA:242,0
DA:246,0
DA:247,0
DA:248,0
DA:249,0
DA:250,0
DA:251,0
DA:253,0
DA:254,0
DA:258,0
DA:259,0
DA:260,0
DA:261,0
DA:262,0
DA:263,0
DA:264,0
DA:266,0
DA:267,0
DA:271,0
DA:272,0
DA:273,0
DA:274,0
DA:279,0
DA:286,0
DA:288,0
DA:289,0
DA:293,0
DA:294,0
DA:295,0
DA:296,0
DA:298,0
DA:299,0
DA:303,0
DA:304,0
DA:305,0
DA:306,0
DA:307,0
DA:309,0
DA:310,0
DA:314,0
DA:315,0
DA:316,0
DA:317,0
DA:322,0
DA:329,0
DA:331,0
DA:332,0
DA:336,0
DA:337,0
DA:338,0
DA:339,0
DA:341,0
DA:342,0
DA:346,0
DA:347,0
DA:348,0
DA:349,0
DA:350,0
DA:352,0
DA:353,0
DA:357,0
DA:358,0
DA:359,0
DA:360,0
DA:361,0
DA:366,0
DA:373,0
DA:381,0
DA:388,0
DA:400,0
DA:409,0
DA:416,0
DA:417,0
DA:418,0
DA:420,0
DA:432,0
DA:433,0
DA:437,0
DA:438,0
DA:439,0
DA:441,0
DA:442,0
DA:443,0
DA:445,0
DA:446,0
DA:447,0
DA:448,0
DA:449,0
DA:452,0
DA:458,0
DA:465,0
DA:472,0
DA:478,0
DA:485,0
DA:491,0
DA:496,0
DA:502,0
DA:503,0
DA:504,0
DA:506,0
DA:519,0
DA:520,0
DA:521,0
DA:523,0
DA:536,0
DA:551,0
DA:561,0
DA:569,0
DA:572,0
DA:576,0
DA:580,0
DA:584,0
DA:585,0
DA:586,0
DA:591,0
DA:593,0
DA:628,0
DA:629,0
DA:634,0
DA:635,0
DA:636,0
DA:637,0
DA:640,0
DA:641,0
DA:646,0
DA:647,0
DA:650,0
DA:651,0
DA:653,0
DA:655,0
DA:656,0
DA:660,0
DA:661,0
DA:662,0
DA:663,0
DA:664,0
DA:666,0
DA:667,0
DA:671,0
DA:672,0
DA:673,0
DA:674,0
DA:675,0
DA:677,0
DA:678,0
DA:682,0
DA:683,0
DA:688,0
DA:689,0
DA:690,0
DA:691,0
DA:692,0
DA:694,0
DA:695,0
DA:699,0
DA:700,0
DA:701,0
DA:702,0
DA:704,0
DA:705,0
DA:709,0
DA:710,0
DA:711,0
DA:712,0
DA:713,0
DA:715,0
DA:716,0
DA:720,0
DA:721,0
DA:722,0
DA:723,0
DA:724,0
DA:726,0
DA:727,0
DA:733,0
DA:734,0
DA:735,0
DA:736,0
DA:738,0
DA:739,0
DA:743,0
DA:744,0
DA:745,0
DA:746,0
DA:748,0
DA:749,0
DA:753,0
DA:754,0
DA:755,0
DA:756,0
DA:760,0
DA:762,0
DA:774,0
DA:783,0
DA:785,0
DA:786,0
DA:790,0
DA:791,0
DA:792,0
DA:793,0
DA:794,0
DA:796,0
DA:797,0
DA:804,0
DA:805,0
DA:806,0
DA:807,0
DA:809,0
DA:810,0
DA:830,0
DA:832,0
DA:833,0
DA:838,0
DA:839,0
DA:840,0
DA:841,0
DA:843,0
DA:845,0
DA:865,0
DA:883,0
DA:885,0
DA:886,0
DA:891,0
DA:892,0
DA:893,0
DA:894,0
DA:896,0
DA:897,0
DA:902,0
DA:903,0
DA:905,0
DA:906,0
DA:908,0
DA:909,0
DA:910,0
DA:911,0
DA:934,0
DA:935,0
DA:936,0
DA:941,0
DA:942,0
DA:951,0
DA:953,0
DA:955,0
DA:956,0
DA:962,0
DA:963,0
DA:965,0
DA:966,0
DA:971,0
DA:972,0
DA:977,0
DA:978,0
DA:979,0
DA:980,0
DA:982,0
DA:983,0
DA:984,0
DA:985,0
DA:1009,0
DA:1010,0
DA:1011,0
DA:1014,0
DA:1018,0
DA:1020,0
DA:1022,0
DA:1036,0
DA:1037,0
DA:1044,0
DA:1045,0
DA:1046,0
DA:1047,0
DA:1048,0
DA:1050,0
DA:1051,0
DA:1056,0
DA:1057,0
DA:1058,0
DA:1059,0
DA:1060,0
DA:1062,0
DA:1063,0
DA:1068,0
DA:1069,0
DA:1070,0
DA:1071,0
DA:1072,0
DA:1074,0
DA:1075,0
DA:1080,0
DA:1081,0
DA:1082,0
DA:1083,0
DA:1085,0
DA:1086,0
DA:1091,0
DA:1092,0
DA:1093,0
DA:1094,0
DA:1095,0
DA:1097,0
DA:1098,0
DA:1106,0
DA:1107,0
DA:1108,0
DA:1109,0
DA:1110,0
DA:1112,0
DA:1113,0
DA:1117,0
DA:1118,0
DA:1119,0
DA:1120,0
DA:1121,0
DA:1123,0
DA:1124,0
DA:1128,0
DA:1129,0
DA:1130,0
DA:1131,0
DA:1134,0
DA:1135,0
DA:1138,0
DA:1139,0
DA:1141,0
DA:1151,0
DA:1165,0
DA:1166,0
DA:1168,0
DA:1169,0
DA:1170,0
DA:1174,0
DA:1175,0
DA:1176,0
DA:1178,0
DA:1180,0
DA:1188,0
DA:1202,0
DA:1204,0
DA:1205,0
DA:1209,0
DA:1210,0
DA:1211,0
DA:1213,0
DA:1214,0
DA:1215,0
DA:1217,0
DA:1218,0
DA:1226,0
DA:1227,0
DA:1228,0
DA:1229,0
DA:1230,0
DA:1232,0
DA:1233,0
DA:1237,0
DA:1238,0
DA:1239,0
DA:1241,0
DA:1243,0
DA:1252,0
DA:1268,0
DA:1269,0
DA:1270,0
DA:1271,0
DA:1272,0
DA:1274,0
DA:1275,0
DA:1276,0
DA:1277,0
DA:1278,0
DA:1281,0
DA:1291,0
DA:1293,0
DA:1294,0
DA:1298,0
DA:1299,0
DA:1300,0
DA:1302,0
DA:1304,0
DA:1306,0
DA:1309,0
DA:1310,0
DA:1311,0
DA:1312,0
DA:1313,0
DA:1315,0
DA:1316,0
DA:1317,0
DA:1318,0
DA:1319,0
DA:1321,0
DA:1324,0
DA:1335,0
DA:1337,0
DA:1338,0
DA:1342,0
DA:1343,0
DA:1344,0
DA:1345,0
DA:1347,0
DA:1348,0
DA:1352,0
DA:1355,0
DA:1356,0
DA:1358,0
DA:1359,0
DA:1361,0
DA:1362,0
DA:1364,0
DA:1381,0
DA:1382,0
DA:1391,0
DA:1392,0
DA:1393,0
DA:1394,0
DA:1395,0
DA:1397,0
DA:1398,0
DA:1403,0
DA:1404,0
DA:1405,0
DA:1406,0
DA:1422,0
DA:1424,0
DA:1425,0
DA:1430,0
DA:1431,0
DA:1432,0
DA:1433,0
DA:1434,0
DA:1436,0
DA:1437,0
DA:1442,0
DA:1443,0
DA:1444,0
DA:1445,0
DA:1446,0
DA:1448,0
DA:1449,0
DA:1454,0
DA:1455,0
DA:1456,0
DA:1457,0
DA:1458,0
DA:1460,0
DA:1463,0
DA:1464,0
LF:532
LH:0
BRDA:36,0,0,0
BRDA:36,0,1,0
BRDA:69,1,0,0
BRDA:69,1,1,0
BRDA:83,2,0,0
BRDA:83,2,1,0
BRDA:90,3,0,0
BRDA:90,3,1,0
BRDA:102,4,0,0
BRDA:102,4,1,0
BRDA:107,5,0,0
BRDA:107,5,1,0
BRDA:108,6,0,0
BRDA:108,6,1,0
BRDA:157,7,0,0
BRDA:157,7,1,0
BRDA:162,8,0,0
BRDA:162,8,1,0
BRDA:163,9,0,0
BRDA:163,9,1,0
BRDA:164,10,0,0
BRDA:164,10,1,0
BRDA:165,11,0,0
BRDA:165,11,1,0
BRDA:166,12,0,0
BRDA:166,12,1,0
BRDA:167,13,0,0
BRDA:167,13,1,0
BRDA:168,14,0,0
BRDA:168,14,1,0
BRDA:169,15,0,0
BRDA:169,15,1,0
BRDA:170,16,0,0
BRDA:170,16,1,0
BRDA:171,17,0,0
BRDA:171,17,1,0
BRDA:172,18,0,0
BRDA:172,18,1,0
BRDA:173,19,0,0
BRDA:173,19,1,0
BRDA:174,20,0,0
BRDA:174,20,1,0
BRDA:175,21,0,0
BRDA:175,21,1,0
BRDA:176,22,0,0
BRDA:176,22,1,0
BRDA:177,23,0,0
BRDA:177,23,1,0
BRDA:178,24,0,0
BRDA:178,24,1,0
BRDA:179,25,0,0
BRDA:179,25,1,0
BRDA:180,26,0,0
BRDA:180,26,1,0
BRDA:211,27,0,0
BRDA:211,27,1,0
BRDA:216,28,0,0
BRDA:216,28,1,0
BRDA:217,29,0,0
BRDA:217,29,1,0
BRDA:218,30,0,0
BRDA:218,30,1,0
BRDA:219,31,0,0
BRDA:219,31,1,0
BRDA:220,32,0,0
BRDA:220,32,1,0
BRDA:221,33,0,0
BRDA:221,33,1,0
BRDA:222,34,0,0
BRDA:222,34,1,0
BRDA:223,35,0,0
BRDA:223,35,1,0
BRDA:224,36,0,0
BRDA:224,36,1,0
BRDA:225,37,0,0
BRDA:225,37,1,0
BRDA:226,38,0,0
BRDA:226,38,1,0
BRDA:227,39,0,0
BRDA:227,39,1,0
BRDA:228,40,0,0
BRDA:228,40,1,0
BRDA:229,41,0,0
BRDA:229,41,1,0
BRDA:230,42,0,0
BRDA:230,42,1,0
BRDA:231,43,0,0
BRDA:231,43,1,0
BRDA:232,44,0,0
BRDA:232,44,1,0
BRDA:233,45,0,0
BRDA:233,45,1,0
BRDA:234,46,0,0
BRDA:234,46,1,0
BRDA:235,47,0,0
BRDA:235,47,1,0
BRDA:361,48,0,0
BRDA:361,48,1,0
BRDA:418,49,0,0
BRDA:418,49,1,0
BRDA:572,50,0,0
BRDA:572,50,1,0
BRDA:576,51,0,0
BRDA:576,51,1,0
BRDA:580,52,0,0
BRDA:580,52,1,0
BRDA:586,53,0,0
BRDA:586,53,1,0
BRDA:690,54,0,0
BRDA:690,54,1,0
BRDA:701,55,0,0
BRDA:701,55,1,0
BRDA:711,56,0,0
BRDA:711,56,1,0
BRDA:722,57,0,0
BRDA:722,57,1,0
BRDA:760,58,0,0
BRDA:760,58,1,0
BRDA:809,59,0,0
BRDA:809,59,1,0
BRDA:843,60,0,0
BRDA:843,60,1,0
BRDA:860,61,0,0
BRDA:860,61,1,0
BRDA:860,62,0,0
BRDA:860,62,1,0
BRDA:860,63,0,0
BRDA:860,63,1,0
BRDA:879,64,0,0
BRDA:879,64,1,0
BRDA:879,65,0,0
BRDA:879,65,1,0
BRDA:879,66,0,0
BRDA:879,66,1,0
BRDA:908,67,0,0
BRDA:908,67,1,0
BRDA:910,68,0,0
BRDA:910,68,1,0
BRDA:912,69,0,0
BRDA:912,69,1,0
BRDA:913,70,0,0
BRDA:913,70,1,0
BRDA:914,71,0,0
BRDA:914,71,1,0
BRDA:915,72,0,0
BRDA:915,72,1,0
BRDA:916,73,0,0
BRDA:916,73,1,0
BRDA:917,74,0,0
BRDA:917,74,1,0
BRDA:918,75,0,0
BRDA:918,75,1,0
BRDA:919,76,0,0
BRDA:919,76,1,0
BRDA:920,77,0,0
BRDA:920,77,1,0
BRDA:921,78,0,0
BRDA:921,78,1,0
BRDA:922,79,0,0
BRDA:922,79,1,0
BRDA:923,80,0,0
BRDA:923,80,1,0
BRDA:924,81,0,0
BRDA:924,81,1,0
BRDA:925,82,0,0
BRDA:925,82,1,0
BRDA:926,83,0,0
BRDA:926,83,1,0
BRDA:927,84,0,0
BRDA:927,84,1,0
BRDA:928,85,0,0
BRDA:928,85,1,0
BRDA:935,86,0,0
BRDA:935,86,1,0
BRDA:935,87,0,0
BRDA:935,87,1,0
BRDA:943,88,0,0
BRDA:943,88,1,0
BRDA:944,89,0,0
BRDA:944,89,1,0
BRDA:945,90,0,0
BRDA:945,90,1,0
BRDA:945,90,2,0
BRDA:946,91,0,0
BRDA:946,91,1,0
BRDA:947,92,0,0
BRDA:947,92,1,0
BRDA:948,93,0,0
BRDA:948,93,1,0
BRDA:948,94,0,0
BRDA:948,94,1,0
BRDA:948,95,0,0
BRDA:948,95,1,0
BRDA:951,96,0,0
BRDA:951,96,1,0
BRDA:967,97,0,0
BRDA:967,97,1,0
BRDA:968,98,0,0
BRDA:968,98,1,0
BRDA:982,99,0,0
BRDA:982,99,1,0
BRDA:984,100,0,0
BRDA:984,100,1,0
BRDA:986,101,0,0
BRDA:986,101,1,0
BRDA:987,102,0,0
BRDA:987,102,1,0
BRDA:988,103,0,0
BRDA:988,103,1,0
BRDA:989,104,0,0
BRDA:989,104,1,0
BRDA:990,105,0,0
BRDA:990,105,1,0
BRDA:991,106,0,0
BRDA:991,106,1,0
BRDA:992,107,0,0
BRDA:992,107,1,0
BRDA:993,108,0,0
BRDA:993,108,1,0
BRDA:994,109,0,0
BRDA:994,109,1,0
BRDA:995,110,0,0
BRDA:995,110,1,0
BRDA:996,111,0,0
BRDA:996,111,1,0
BRDA:997,112,0,0
BRDA:997,112,1,0
BRDA:998,113,0,0
BRDA:998,113,1,0
BRDA:999,114,0,0
BRDA:999,114,1,0
BRDA:1000,115,0,0
BRDA:1000,115,1,0
BRDA:1001,116,0,0
BRDA:1001,116,1,0
BRDA:1002,117,0,0
BRDA:1002,117,1,0
BRDA:1157,118,0,0
BRDA:1157,118,1,0
BRDA:1158,119,0,0
BRDA:1158,119,1,0
BRDA:1159,120,0,0
BRDA:1159,120,1,0
BRDA:1160,121,0,0
BRDA:1160,121,1,0
BRDA:1161,122,0,0
BRDA:1161,122,1,0
BRDA:1162,123,0,0
BRDA:1162,123,1,0
BRDA:1194,124,0,0
BRDA:1194,124,1,0
BRDA:1195,125,0,0
BRDA:1195,125,1,0
BRDA:1196,126,0,0
BRDA:1196,126,1,0
BRDA:1197,127,0,0
BRDA:1197,127,1,0
BRDA:1198,128,0,0
BRDA:1198,128,1,0
BRDA:1255,129,0,0
BRDA:1255,129,1,0
BRDA:1260,130,0,0
BRDA:1260,130,1,0
BRDA:1261,131,0,0
BRDA:1261,131,1,0
BRDA:1262,132,0,0
BRDA:1262,132,1,0
BRDA:1263,133,0,0
BRDA:1263,133,1,0
BRDA:1269,134,0,0
BRDA:1269,134,1,0
BRDA:1270,135,0,0
BRDA:1270,135,1,0
BRDA:1271,136,0,0
BRDA:1271,136,1,0
BRDA:1271,137,0,0
BRDA:1271,137,1,0
BRDA:1272,138,0,0
BRDA:1272,138,1,0
BRDA:1275,139,0,0
BRDA:1275,139,1,0
BRDA:1277,140,0,0
BRDA:1277,140,1,0
BRDA:1304,141,0,0
BRDA:1304,141,1,0
BRDA:1310,142,0,0
BRDA:1310,142,1,0
BRDA:1311,143,0,0
BRDA:1311,143,1,0
BRDA:1312,144,0,0
BRDA:1312,144,1,0
BRDA:1313,145,0,0
BRDA:1313,145,1,0
BRDA:1316,146,0,0
BRDA:1316,146,1,0
BRDA:1318,147,0,0
BRDA:1318,147,1,0
BRDA:1347,148,0,0
BRDA:1347,148,1,0
BRDA:1365,149,0,0
BRDA:1365,149,1,0
BRDA:1395,150,0,0
BRDA:1395,150,1,0
BRDA:1414,151,0,0
BRDA:1414,151,1,0
BRDA:1419,152,0,0
BRDA:1419,152,1,0
BRDA:1457,153,0,0
BRDA:1457,153,1,0
BRF:309
BRH:0
end_of_record
TN:
SF:electron\main\license-manager.ts
FN:23,(anonymous_0)
FN:36,(anonymous_1)
FN:44,(anonymous_2)
FN:66,(anonymous_3)
FN:79,(anonymous_4)
FN:96,(anonymous_5)
FN:116,(anonymous_6)
FN:131,(anonymous_7)
FN:151,(anonymous_8)
FN:201,(anonymous_9)
FN:251,(anonymous_10)
FN:275,(anonymous_11)
FN:291,getLicenseManager
FNF:13
FNH:0
FNDA:0,(anonymous_0)
FNDA:0,(anonymous_1)
FNDA:0,(anonymous_2)
FNDA:0,(anonymous_3)
FNDA:0,(anonymous_4)
FNDA:0,(anonymous_5)
FNDA:0,(anonymous_6)
FNDA:0,(anonymous_7)
FNDA:0,(anonymous_8)
FNDA:0,(anonymous_9)
FNDA:0,(anonymous_10)
FNDA:0,(anonymous_11)
FNDA:0,getLicenseManager
DA:1,0
DA:2,0
DA:3,0
DA:4,0
DA:5,0
DA:17,0
DA:18,0
DA:19,0
DA:20,0
DA:21,0
DA:25,0
DA:27,0
DA:29,0
DA:30,0
DA:37,0
DA:45,0
DA:46,0
DA:55,0
DA:56,0
DA:57,0
DA:60,0
DA:67,0
DA:73,0
DA:80,0
DA:81,0
DA:87,0
DA:88,0
DA:90,0
DA:97,0
DA:98,0
DA:99,0
DA:101,0
DA:107,0
DA:108,0
DA:110,0
DA:117,0
DA:118,0
DA:119,0
DA:120,0
DA:121,0
DA:123,0
DA:124,0
DA:132,0
DA:133,0
DA:134,0
DA:137,0
DA:138,0
DA:139,0
DA:141,0
DA:143,0
DA:144,0
DA:152,0
DA:153,0
DA:155,0
DA:156,0
DA:160,0
DA:161,0
DA:165,0
DA:166,0
DA:173,0
DA:174,0
DA:175,0
DA:177,0
DA:178,0
DA:186,0
DA:187,0
DA:188,0
DA:191,0
DA:193,0
DA:194,0
DA:202,0
DA:204,0
DA:205,0
DA:206,0
DA:210,0
DA:212,0
DA:213,0
DA:220,0
DA:228,0
DA:229,0
DA:234,0
DA:240,0
DA:241,0
DA:252,0
DA:254,0
DA:255,0
DA:258,0
DA:259,0
DA:269,0
DA:276,0
DA:277,0
DA:278,0
DA:280,0
DA:282,0
DA:283,0
DA:289,0
DA:291,0
DA:292,0
DA:293,0
DA:295,0
LF:100
LH:0
BRDA:55,0,0,0
BRDA:55,0,1,0
BRDA:133,1,0,0
BRDA:133,1,1,0
BRDA:155,2,0,0
BRDA:155,2,1,0
BRDA:160,3,0,0
BRDA:160,3,1,0
BRDA:160,4,0,0
BRDA:160,4,1,0
BRDA:165,5,0,0
BRDA:165,5,1,0
BRDA:173,6,0,0
BRDA:173,6,1,0
BRDA:177,7,0,0
BRDA:177,7,1,0
BRDA:187,8,0,0
BRDA:187,8,1,0
BRDA:205,9,0,0
BRDA:205,9,1,0
BRDA:212,10,0,0
BRDA:212,10,1,0
BRDA:228,11,0,0
BRDA:228,11,1,0
BRDA:254,12,0,0
BRDA:254,12,1,0
BRDA:263,13,0,0
BRDA:263,13,1,0
BRDA:277,14,0,0
BRDA:277,14,1,0
BRDA:292,15,0,0
BRDA:292,15,1,0
BRF:32
BRH:0
end_of_record
TN:
SF:electron\main\mail-service.ts
FN:42,(anonymous_0)
FN:48,(anonymous_1)
FN:79,(anonymous_2)
FN:100,(anonymous_3)
FN:198,(anonymous_4)
FN:199,(anonymous_5)
FN:208,(anonymous_6)
FN:218,(anonymous_7)
FN:435,(anonymous_8)
FN:436,(anonymous_9)
FN:481,(anonymous_10)
FNF:11
FNH:0
FNDA:0,(anonymous_0)
FNDA:0,(anonymous_1)
FNDA:0,(anonymous_2)
FNDA:0,(anonymous_3)
FNDA:0,(anonymous_4)
FNDA:0,(anonymous_5)
FNDA:0,(anonymous_6)
FNDA:0,(anonymous_7)
FNDA:0,(anonymous_8)
FNDA:0,(anonymous_9)
FNDA:0,(anonymous_10)
DA:1,0
DA:2,0
DA:4,0
DA:6,0
DA:42,0
DA:43,0
DA:49,0
DA:50,0
DA:52,0
DA:53,0
DA:57,0
DA:58,0
DA:61,0
DA:62,0
DA:65,0
DA:80,0
DA:82,0
DA:83,0
DA:84,0
DA:87,0
DA:88,0
DA:90,0
DA:105,0
DA:107,0
DA:109,0
DA:110,0
DA:113,0
DA:116,0
DA:135,0
DA:138,0
DA:147,0
DA:150,0
DA:159,0
DA:160,0
DA:169,0
DA:172,0
DA:177,0
DA:183,0
DA:188,0
DA:199,0
DA:200,0
DA:208,0
DA:209,0
DA:218,0
DA:219,0
DA:220,0
DA:221,0
DA:222,0
DA:223,0
DA:224,0
DA:225,0
DA:229,0
DA:230,0
DA:232,0
DA:436,0
DA:437,0
DA:444,0
DA:479,0
DA:481,0
DA:482,0
DA:483,0
DA:485,0
LF:62
LH:0
BRDA:48,0,0,0
BRDA:52,1,0,0
BRDA:52,1,1,0
BRDA:57,2,0,0
BRDA:57,2,1,0
BRDA:57,3,0,0
BRDA:57,3,1,0
BRDA:61,4,0,0
BRDA:61,4,1,0
BRDA:61,5,0,0
BRDA:61,5,1,0
BRDA:61,5,2,0
BRDA:83,6,0,0
BRDA:83,6,1,0
BRDA:109,7,0,0
BRDA:109,7,1,0
BRDA:147,8,0,0
BRDA:147,8,1,0
BRDA:159,9,0,0
BRDA:159,9,1,0
BRDA:159,10,0,0
BRDA:159,10,1,0
BRDA:219,11,0,0
BRDA:219,11,1,0
BRDA:219,11,2,0
BRDA:219,11,3,0
BRDA:219,11,4,0
BRDA:219,11,5,0
BRDA:229,12,0,0
BRDA:229,12,1,0
BRDA:230,13,0,0
BRDA:230,13,1,0
BRDA:321,14,0,0
BRDA:321,14,1,0
BRDA:339,15,0,0
BRDA:339,15,1,0
BRDA:354,16,0,0
BRDA:354,16,1,0
BRDA:458,17,0,0
BRDA:458,17,1,0
BRDA:462,18,0,0
BRDA:462,18,1,0
BRDA:464,19,0,0
BRDA:464,19,1,0
BRDA:482,20,0,0
BRDA:482,20,1,0
BRF:46
BRH:0
end_of_record
TN:
SF:electron\main\mail-templates-professional.ts
FN:32,(anonymous_0)
FN:40,(anonymous_1)
FN:51,getBaseTemplate
FN:83,getHeader
FN:106,getGreeting
FN:121,getInfoCard
FN:122,(anonymous_6)
FN:152,getPriceBox
FN:172,getStatusBadge
FN:201,getFooter
FN:224,getNotificationBox
FN:253,generateNewOrderEmail
FN:297,generateLoadedEmail
FN:352,generateOnRouteEmail
FN:418,generateDeliveredEmail
FN:467,generateInvoicedEmail
FN:503,generateCancelledEmail
FN:540,generateStatusUpdateEmail
FN:605,generateEmailByStatus
FNF:19
FNH:0
FNDA:0,(anonymous_0)
FNDA:0,(anonymous_1)
FNDA:0,getBaseTemplate
FNDA:0,getHeader
FNDA:0,getGreeting
FNDA:0,getInfoCard
FNDA:0,(anonymous_6)
FNDA:0,getPriceBox
FNDA:0,getStatusBadge
FNDA:0,getFooter
FNDA:0,getNotificationBox
FNDA:0,generateNewOrderEmail
FNDA:0,generateLoadedEmail
FNDA:0,generateOnRouteEmail
FNDA:0,generateDeliveredEmail
FNDA:0,generateInvoicedEmail
FNDA:0,generateCancelledEmail
FNDA:0,generateStatusUpdateEmail
FNDA:0,generateEmailByStatus
DA:32,0
DA:33,0
DA:40,0
DA:41,0
DA:52,0
DA:84,0
DA:107,0
DA:122,0
DA:133,0
DA:153,0
DA:173,0
DA:182,0
DA:184,0
DA:202,0
DA:225,0
DA:231,0
DA:233,0
DA:253,0
DA:254,0
DA:263,0
DA:264,0
DA:267,0
DA:272,0
DA:291,0
DA:297,0
DA:298,0
DA:305,0
DA:306,0
DA:309,0
DA:314,0
DA:346,0
DA:352,0
DA:353,0
DA:361,0
DA:362,0
DA:365,0
DA:370,0
DA:412,0
DA:418,0
DA:419,0
DA:425,0
DA:426,0
DA:429,0
DA:461,0
DA:467,0
DA:468,0
DA:474,0
DA:475,0
DA:478,0
DA:497,0
DA:503,0
DA:504,0
DA:510,0
DA:511,0
DA:514,0
DA:516,0
DA:534,0
DA:540,0
DA:541,0
DA:569,0
DA:571,0
DA:577,0
DA:578,0
DA:581,0
DA:599,0
DA:605,0
DA:606,0
DA:608,0
DA:610,0
DA:612,0
DA:614,0
DA:616,0
DA:619,0
LF:73
LH:0
BRDA:83,0,0,0
BRDA:152,1,0,0
BRDA:182,2,0,0
BRDA:182,2,1,0
BRDA:224,3,0,0
BRDA:263,4,0,0
BRDA:263,4,1,0
BRDA:269,5,0,0
BRDA:269,5,1,0
BRDA:269,6,0,0
BRDA:269,6,1,0
BRDA:305,7,0,0
BRDA:305,7,1,0
BRDA:311,8,0,0
BRDA:311,8,1,0
BRDA:311,9,0,0
BRDA:311,9,1,0
BRDA:361,10,0,0
BRDA:361,10,1,0
BRDA:367,11,0,0
BRDA:367,11,1,0
BRDA:367,12,0,0
BRDA:367,12,1,0
BRDA:425,13,0,0
BRDA:425,13,1,0
BRDA:474,14,0,0
BRDA:474,14,1,0
BRDA:510,15,0,0
BRDA:510,15,1,0
BRDA:569,16,0,0
BRDA:569,16,1,0
BRDA:577,17,0,0
BRDA:577,17,1,0
BRDA:606,18,0,0
BRDA:606,18,1,0
BRDA:606,18,2,0
BRDA:606,18,3,0
BRDA:606,18,4,0
BRDA:606,18,5,0
BRDA:606,18,6,0
BRF:40
BRH:0
end_of_record
TN:
SF:electron\main\professional-cost-calculator.ts
FN:93,normalizeCity
FN:97,(anonymous_1)
FN:120,(anonymous_2)
FN:125,(anonymous_3)
FN:134,(anonymous_4)
FN:144,(anonymous_5)
FN:166,(anonymous_6)
FN:186,(anonymous_7)
FN:191,(anonymous_8)
FN:215,(anonymous_9)
FN:226,(anonymous_10)
FNF:11
FNH:11
FNDA:2016,normalizeCity
FNDA:4018,(anonymous_1)
FNDA:28,(anonymous_2)
FNDA:1014,(anonymous_3)
FNDA:1010,(anonymous_4)
FNDA:1012,(anonymous_5)
FNDA:1008,(anonymous_6)
FNDA:1010,(anonymous_7)
FNDA:1006,(anonymous_8)
FNDA:1006,(anonymous_9)
FNDA:1006,(anonymous_10)
DA:94,2016
DA:95,2016
DA:97,4018
DA:102,1
DA:117,1
DA:118,28
DA:121,28
DA:127,1014
DA:128,1014
DA:129,1014
DA:130,1014
DA:136,1010
DA:137,1010
DA:138,1010
DA:139,1010
DA:146,1012
DA:147,4
DA:151,1008
DA:152,1008
DA:153,1008
DA:154,1008
DA:157,1008
DA:158,7
DA:162,1001
DA:173,1008
DA:174,1008
DA:175,1008
DA:178,1008
DA:180,1008
DA:182,1008
DA:187,1010
DA:197,1006
DA:198,0
DA:202,1006
DA:203,1006
DA:204,1006
DA:206,1006
DA:216,1006
DA:217,1006
DA:221,0
DA:222,0
DA:235,1006
DA:238,1006
DA:241,1006
DA:244,1006
DA:247,1006
DA:250,1006
DA:253,1006
DA:258,1006
DA:263,1006
DA:264,1006
DA:267,1006
DA:290,1006
DA:291,1006
DA:292,1006
DA:293,1006
DA:296,1006
DA:297,1006
DA:299,1006
DA:314,1
LF:60
LH:57
BRDA:94,0,0,0
BRDA:94,0,1,2016
BRDA:136,1,0,1010
BRDA:136,1,1,4
BRDA:146,2,0,4
BRDA:146,2,1,1008
BRDA:147,3,0,4
BRDA:147,3,1,0
BRDA:147,4,0,4
BRDA:147,4,1,0
BRDA:157,5,0,7
BRDA:157,5,1,1001
BRDA:191,6,0,0
BRDA:197,7,0,0
BRDA:197,7,1,1006
BRDA:215,8,0,0
BRDA:216,9,0,1006
BRDA:216,9,1,0
BRDA:216,10,0,1006
BRDA:216,10,1,0
BRDA:216,10,2,0
BRDA:247,11,0,1006
BRDA:247,11,1,1
BRDA:255,12,0,1006
BRDA:255,12,1,1
BRDA:260,13,0,1006
BRDA:260,13,1,1006
BRF:27
BRH:18
end_of_record
TN:
SF:electron\preload\index.ts
FN:8,(anonymous_0)
FN:9,(anonymous_1)
FN:10,(anonymous_2)
FN:11,(anonymous_3)
FN:12,(anonymous_4)
FN:13,(anonymous_5)
FN:15,(anonymous_6)
FN:16,(anonymous_7)
FN:17,(anonymous_8)
FN:19,(anonymous_9)
FN:20,(anonymous_10)
FN:21,(anonymous_11)
FN:23,(anonymous_12)
FN:24,(anonymous_13)
FN:27,(anonymous_14)
FN:28,(anonymous_15)
FN:29,(anonymous_16)
FN:31,(anonymous_17)
FN:32,(anonymous_18)
FN:33,(anonymous_19)
FN:34,(anonymous_20)
FN:37,(anonymous_21)
FN:38,(anonymous_22)
FN:39,(anonymous_23)
FN:40,(anonymous_24)
FN:41,(anonymous_25)
FN:44,(anonymous_26)
FN:45,(anonymous_27)
FN:46,(anonymous_28)
FN:47,(anonymous_29)
FN:53,(anonymous_30)
FN:54,(anonymous_31)
FN:55,(anonymous_32)
FN:60,(anonymous_33)
FN:61,(anonymous_34)
FN:62,(anonymous_35)
FN:67,(anonymous_36)
FN:72,(anonymous_37)
FN:73,(anonymous_38)
FN:74,(anonymous_39)
FN:75,(anonymous_40)
FN:80,(anonymous_41)
FN:81,(anonymous_42)
FN:82,(anonymous_43)
FN:84,(anonymous_44)
FN:85,(anonymous_45)
FN:90,(anonymous_46)
FN:91,(anonymous_47)
FN:92,(anonymous_48)
FN:93,(anonymous_49)
FN:95,(anonymous_50)
FNF:51
FNH:0
FNDA:0,(anonymous_0)
FNDA:0,(anonymous_1)
FNDA:0,(anonymous_2)
FNDA:0,(anonymous_3)
FNDA:0,(anonymous_4)
FNDA:0,(anonymous_5)
FNDA:0,(anonymous_6)
FNDA:0,(anonymous_7)
FNDA:0,(anonymous_8)
FNDA:0,(anonymous_9)
FNDA:0,(anonymous_10)
FNDA:0,(anonymous_11)
FNDA:0,(anonymous_12)
FNDA:0,(anonymous_13)
FNDA:0,(anonymous_14)
FNDA:0,(anonymous_15)
FNDA:0,(anonymous_16)
FNDA:0,(anonymous_17)
FNDA:0,(anonymous_18)
FNDA:0,(anonymous_19)
FNDA:0,(anonymous_20)
FNDA:0,(anonymous_21)
FNDA:0,(anonymous_22)
FNDA:0,(anonymous_23)
FNDA:0,(anonymous_24)
FNDA:0,(anonymous_25)
FNDA:0,(anonymous_26)
FNDA:0,(anonymous_27)
FNDA:0,(anonymous_28)
FNDA:0,(anonymous_29)
FNDA:0,(anonymous_30)
FNDA:0,(anonymous_31)
FNDA:0,(anonymous_32)
FNDA:0,(anonymous_33)
FNDA:0,(anonymous_34)
FNDA:0,(anonymous_35)
FNDA:0,(anonymous_36)
FNDA:0,(anonymous_37)
FNDA:0,(anonymous_38)
FNDA:0,(anonymous_39)
FNDA:0,(anonymous_40)
FNDA:0,(anonymous_41)
FNDA:0,(anonymous_42)
FNDA:0,(anonymous_43)
FNDA:0,(anonymous_44)
FNDA:0,(anonymous_45)
FNDA:0,(anonymous_46)
FNDA:0,(anonymous_47)
FNDA:0,(anonymous_48)
FNDA:0,(anonymous_49)
FNDA:0,(anonymous_50)
DA:1,0
DA:5,0
DA:8,0
DA:9,0
DA:10,0
DA:11,0
DA:12,0
DA:13,0
DA:15,0
DA:16,0
DA:17,0
DA:19,0
DA:20,0
DA:21,0
DA:23,0
DA:24,0
DA:27,0
DA:28,0
DA:29,0
DA:31,0
DA:32,0
DA:33,0
DA:34,0
DA:37,0
DA:38,0
DA:39,0
DA:40,0
DA:41,0
DA:44,0
DA:45,0
DA:46,0
DA:48,0
DA:53,0
DA:54,0
DA:55,0
DA:60,0
DA:61,0
DA:62,0
DA:67,0
DA:72,0
DA:73,0
DA:74,0
DA:75,0
DA:80,0
DA:81,0
DA:83,0
DA:84,0
DA:85,0
DA:90,0
DA:91,0
DA:92,0
DA:94,0
DA:95,0
LF:53
LH:0
BRF:0
BRH:0
end_of_record
TN:
SF:src\App.tsx
FN:19,App
FN:23,(anonymous_1)
FN:27,(anonymous_2)
FN:39,(anonymous_3)
FNF:4
FNH:0
FNDA:0,App
FNDA:0,(anonymous_1)
FNDA:0,(anonymous_2)
FNDA:0,(anonymous_3)
DA:1,0
DA:2,0
DA:3,0
DA:4,0
DA:5,0
DA:6,0
DA:7,0
DA:8,0
DA:9,0
DA:10,0
DA:11,0
DA:12,0
DA:13,0
DA:14,0
DA:15,0
DA:16,0
DA:17,0
DA:20,0
DA:21,0
DA:23,0
DA:24,0
DA:27,0
DA:28,0
DA:29,0
DA:30,0
DA:32,0
DA:33,0
DA:35,0
DA:39,0
DA:40,0
DA:44,0
DA:45,0
DA:53,0
DA:54,0
DA:58,0
DA:82,0
LF:36
LH:0
BRDA:44,0,0,0
BRDA:44,0,1,0
BRDA:53,1,0,0
BRDA:53,1,1,0
BRF:4
BRH:0
end_of_record
TN:
SF:src\main.tsx
FNF:0
FNH:0
DA:1,0
DA:2,0
DA:3,0
DA:4,0
DA:6,0
LF:5
LH:0
BRF:0
BRH:0
end_of_record
TN:
SF:src\components\AdvancedFilters.tsx
FN:18,AdvancedFilters
FN:28,(anonymous_1)
FN:30,(anonymous_2)
FN:33,(anonymous_3)
FN:37,(anonymous_4)
FN:53,(anonymous_5)
FNF:6
FNH:0
FNDA:0,AdvancedFilters
FNDA:0,(anonymous_1)
FNDA:0,(anonymous_2)
FNDA:0,(anonymous_3)
FNDA:0,(anonymous_4)
FNDA:0,(anonymous_5)
DA:1,0
DA:2,0
DA:3,0
DA:4,0
DA:11,0
DA:18,0
DA:19,0
DA:20,0
DA:28,0
DA:29,0
DA:30,0
DA:33,0
DA:34,0
DA:37,0
DA:38,0
DA:45,0
DA:48,0
DA:53,0
LF:18
LH:0
BRDA:57,0,0,0
BRDA:57,0,1,0
BRDA:60,1,0,0
BRDA:60,1,1,0
BRDA:72,2,0,0
BRDA:72,2,1,0
BRF:6
BRH:0
end_of_record
TN:
SF:src\components\Button.tsx
FN:11,Button
FNF:1
FNH:0
FNDA:0,Button
DA:1,0
DA:2,0
DA:11,0
DA:19,0
DA:21,0
DA:28,0
DA:53,0
DA:72,0
DA:78,0
DA:80,0
LF:10
LH:0
BRDA:13,0,0,0
BRDA:14,1,0,0
BRDA:15,2,0,0
BRDA:16,3,0,0
BRDA:78,4,0,0
BRDA:78,4,1,0
BRDA:82,5,0,0
BRDA:82,5,1,0
BRDA:83,6,0,0
BRDA:83,6,1,0
BRF:10
BRH:0
end_of_record
TN:
SF:src\components\Card.tsx
FN:13,Card
FNF:1
FNH:0
FNDA:0,Card
DA:2,0
DA:13,0
DA:14,0
LF:3
LH:0
BRDA:13,0,0,0
BRDA:13,1,0,0
BRDA:19,2,0,0
BRDA:19,2,1,0
BRDA:22,3,0,0
BRDA:22,3,1,0
BRDA:22,3,2,0
BRDA:24,4,0,0
BRDA:24,4,1,0
BRDA:29,5,0,0
BRDA:29,5,1,0
BRF:11
BRH:0
end_of_record
TN:
SF:src\components\EarningsChart.tsx
FN:27,EarningsChart
FN:29,(anonymous_1)
FN:98,(anonymous_2)
FN:109,(anonymous_3)
FNF:4
FNH:0
FNDA:0,EarningsChart
FNDA:0,(anonymous_1)
FNDA:0,(anonymous_2)
FNDA:0,(anonymous_3)
DA:1,0
DA:2,0
DA:12,0
DA:13,0
DA:14,0
DA:27,0
DA:29,0
DA:35,0
DA:98,0
DA:110,0
DA:115,0
LF:11
LH:0
BRDA:27,0,0,0
BRDA:68,1,0,0
BRDA:68,1,1,0
BRDA:115,2,0,0
BRDA:115,2,1,0
BRF:5
BRH:0
end_of_record
TN:
SF:src\components\Icons.tsx
FN:3,HomeIcon
FN:11,TruckIcon
FN:19,DocumentTextIcon
FN:27,Bars3Icon
FN:35,XMarkIcon
FN:43,PlusIcon
FN:51,PencilIcon
FN:59,TrashIcon
FN:67,EyeIcon
FN:76,ArrowUpTrayIcon
FN:84,ChartBarIcon
FN:92,MagnifyingGlassIcon
FN:100,CurrencyDollarIcon
FNF:13
FNH:0
FNDA:0,HomeIcon
FNDA:0,TruckIcon
FNDA:0,DocumentTextIcon
FNDA:0,Bars3Icon
FNDA:0,XMarkIcon
FNDA:0,PlusIcon
FNDA:0,PencilIcon
FNDA:0,TrashIcon
FNDA:0,EyeIcon
FNDA:0,ArrowUpTrayIcon
FNDA:0,ChartBarIcon
FNDA:0,MagnifyingGlassIcon
FNDA:0,CurrencyDollarIcon
DA:3,0
DA:4,0
DA:11,0
DA:12,0
DA:19,0
DA:20,0
DA:27,0
DA:28,0
DA:35,0
DA:36,0
DA:43,0
DA:44,0
DA:51,0
DA:52,0
DA:59,0
DA:60,0
DA:67,0
DA:68,0
DA:76,0
DA:77,0
DA:84,0
DA:85,0
DA:92,0
DA:93,0
DA:100,0
DA:101,0
LF:26
LH:0
BRF:0
BRH:0
end_of_record
TN:
SF:src\components\Input.tsx
FN:11,(anonymous_0)
FN:30,(anonymous_1)
FN:34,(anonymous_2)
FNF:3
FNH:0
FNDA:0,(anonymous_0)
FNDA:0,(anonymous_1)
FNDA:0,(anonymous_2)
DA:1,0
DA:2,0
DA:10,0
DA:12,0
DA:14,0
DA:31,0
DA:32,0
DA:35,0
DA:36,0
DA:70,0
DA:72,0
LF:11
LH:0
BRDA:11,0,0,0
BRDA:16,1,0,0
BRDA:16,1,1,0
BRDA:17,2,0,0
BRDA:17,2,1,0
BRDA:19,3,0,0
BRDA:19,3,1,0
BRDA:24,4,0,0
BRDA:24,4,1,0
BRDA:43,5,0,0
BRDA:43,5,1,0
BRDA:43,6,0,0
BRDA:43,6,1,0
BRDA:44,7,0,0
BRDA:44,7,1,0
BRDA:50,8,0,0
BRDA:50,8,1,0
BRDA:62,9,0,0
BRDA:62,9,1,0
BRDA:62,9,2,0
BRF:20
BRH:0
end_of_record
TN:
SF:src\components\Layout.tsx
FN:34,Layout
FN:84,(anonymous_1)
FN:199,(anonymous_2)
FNF:3
FNH:0
FNDA:0,Layout
FNDA:0,(anonymous_1)
FNDA:0,(anonymous_2)
DA:2,0
DA:3,0
DA:4,0
DA:22,0
DA:34,0
DA:35,0
DA:37,0
DA:85,0
DA:86,0
DA:90,0
DA:200,0
LF:11
LH:0
BRDA:86,0,0,0
BRDA:86,0,1,0
BRDA:86,0,2,0
BRDA:86,0,3,0
BRDA:86,0,4,0
BRDA:99,1,0,0
BRDA:99,1,1,0
BRDA:101,2,0,0
BRDA:101,2,1,0
BRDA:110,3,0,0
BRDA:110,3,1,0
BRDA:121,4,0,0
BRDA:121,4,1,0
BRDA:125,5,0,0
BRDA:125,5,1,0
BRDA:130,6,0,0
BRDA:130,6,1,0
BRDA:199,7,0,0
BRDA:199,7,1,0
BRDA:200,8,0,0
BRDA:200,8,1,0
BRDA:200,8,2,0
BRDA:200,8,3,0
BRDA:200,8,4,0
BRF:24
BRH:0
end_of_record
TN:
SF:src\components\LicenseActivation.tsx
FN:11,(anonymous_0)
FN:21,(anonymous_1)
FN:25,(anonymous_2)
FN:36,(anonymous_3)
FN:39,(anonymous_4)
FN:42,(anonymous_5)
FN:84,(anonymous_6)
FN:172,(anonymous_7)
FN:187,(anonymous_8)
FN:199,(anonymous_9)
FNF:10
FNH:0
FNDA:0,(anonymous_0)
FNDA:0,(anonymous_1)
FNDA:0,(anonymous_2)
FNDA:0,(anonymous_3)
FNDA:0,(anonymous_4)
FNDA:0,(anonymous_5)
FNDA:0,(anonymous_6)
FNDA:0,(anonymous_7)
FNDA:0,(anonymous_8)
FNDA:0,(anonymous_9)
DA:1,0
DA:2,0
DA:3,0
DA:4,0
DA:5,0
DA:11,0
DA:12,0
DA:13,0
DA:14,0
DA:15,0
DA:16,0
DA:17,0
DA:18,0
DA:19,0
DA:21,0
DA:22,0
DA:25,0
DA:26,0
DA:27,0
DA:28,0
DA:29,0
DA:32,0
DA:36,0
DA:37,0
DA:38,0
DA:39,0
DA:42,0
DA:43,0
DA:44,0
DA:45,0
DA:46,0
DA:48,0
DA:50,0
DA:51,0
DA:52,0
DA:53,0
DA:56,0
DA:57,0
DA:58,0
DA:59,0
DA:62,0
DA:63,0
DA:64,0
DA:65,0
DA:69,0
DA:70,0
DA:71,0
DA:72,0
DA:73,0
DA:76,0
DA:82,0
DA:83,0
DA:84,0
DA:85,0
DA:88,0
DA:91,0
DA:92,0
DA:94,0
DA:98,0
DA:172,0
DA:187,0
DA:199,0
DA:250,0
LF:63
LH:0
BRDA:28,0,0,0
BRDA:28,0,1,0
BRDA:28,1,0,0
BRDA:28,1,1,0
BRDA:50,2,0,0
BRDA:50,2,1,0
BRDA:56,3,0,0
BRDA:56,3,1,0
BRDA:62,4,0,0
BRDA:62,4,1,0
BRDA:70,5,0,0
BRDA:70,5,1,0
BRDA:82,6,0,0
BRDA:82,6,1,0
BRDA:139,7,0,0
BRDA:139,7,1,0
BRDA:147,8,0,0
BRDA:147,8,1,0
BRDA:205,9,0,0
BRDA:205,9,1,0
BRDA:217,10,0,0
BRDA:217,10,1,0
BRDA:234,11,0,0
BRDA:234,11,1,0
BRF:24
BRH:0
end_of_record
TN:
SF:src\components\MiniChart.tsx
FN:10,MiniChart
FNF:1
FNH:0
FNDA:0,MiniChart
DA:1,0
DA:2,0
DA:10,0
DA:12,0
DA:13,0
DA:20,0
LF:6
LH:0
BRDA:10,0,0,0
BRDA:12,1,0,0
BRDA:12,1,1,0
BRDA:12,2,0,0
BRDA:12,2,1,0
BRF:5
BRH:0
end_of_record
TN:
SF:src\components\Modal.tsx
FN:14,Modal
FN:22,(anonymous_1)
FN:28,(anonymous_2)
FNF:3
FNH:0
FNDA:0,Modal
FNDA:0,(anonymous_1)
FNDA:0,(anonymous_2)
DA:1,0
DA:2,0
DA:14,0
DA:22,0
DA:23,0
DA:24,0
DA:26,0
DA:28,0
DA:29,0
DA:33,0
DA:35,0
DA:42,0
LF:12
LH:0
BRDA:20,0,0,0
BRDA:23,1,0,0
BRDA:23,1,1,0
BRDA:33,2,0,0
BRDA:33,2,1,0
BRDA:74,3,0,0
BRDA:74,3,1,0
BRF:7
BRH:0
end_of_record
TN:
SF:src\components\Pagination.tsx
FN:8,Pagination
FN:40,(anonymous_1)
FN:57,(anonymous_2)
FN:67,(anonymous_3)
FN:70,(anonymous_4)
FN:85,(anonymous_5)
FN:95,(anonymous_6)
FNF:7
FNH:0
FNDA:0,Pagination
FNDA:0,(anonymous_1)
FNDA:0,(anonymous_2)
FNDA:0,(anonymous_3)
FNDA:0,(anonymous_4)
FNDA:0,(anonymous_5)
FNDA:0,(anonymous_6)
DA:8,0
DA:9,0
DA:11,0
DA:13,0
DA:14,0
DA:16,0
DA:17,0
DA:19,0
DA:20,0
DA:23,0
DA:24,0
DA:27,0
DA:40,0
DA:57,0
DA:68,0
DA:70,0
DA:85,0
DA:95,0
LF:18
LH:0
BRDA:11,0,0,0
BRDA:11,0,1,0
BRDA:19,1,0,0
BRDA:19,1,1,0
BRDA:45,2,0,0
BRDA:45,2,1,0
BRDA:46,3,0,0
BRDA:46,3,1,0
BRDA:47,4,0,0
BRDA:47,4,1,0
BRDA:54,5,0,0
BRDA:54,5,1,0
BRDA:63,6,0,0
BRDA:63,6,1,0
BRDA:73,7,0,0
BRDA:73,7,1,0
BRDA:74,8,0,0
BRDA:74,8,1,0
BRDA:81,9,0,0
BRDA:81,9,1,0
BRDA:83,10,0,0
BRDA:83,10,1,0
BRDA:100,11,0,0
BRDA:100,11,1,0
BRDA:101,12,0,0
BRDA:101,12,1,0
BRDA:102,13,0,0
BRDA:102,13,1,0
BRF:28
BRH:0
end_of_record
TN:
SF:src\components\QuickActions.tsx
FN:65,QuickActions
FN:72,(anonymous_1)
FNF:2
FNH:0
FNDA:0,QuickActions
FNDA:0,(anonymous_1)
DA:1,0
DA:2,0
DA:3,0
DA:20,0
DA:65,0
DA:66,0
DA:73,0
LF:7
LH:0
BRF:0
BRH:0
end_of_record
TN:
SF:src\components\RoutePicker.tsx
FN:14,RoutePicker
FN:24,(anonymous_1)
FN:25,(anonymous_2)
FN:37,(anonymous_3)
FN:39,(anonymous_4)
FN:40,(anonymous_5)
FN:43,(anonymous_6)
FN:45,(anonymous_7)
FN:46,(anonymous_8)
FN:49,(anonymous_9)
FN:51,(anonymous_10)
FN:52,(anonymous_11)
FN:55,(anonymous_12)
FN:68,(anonymous_13)
FN:70,(anonymous_14)
FN:73,(anonymous_15)
FN:111,(anonymous_16)
FN:114,(anonymous_17)
FN:115,(anonymous_18)
FN:115,(anonymous_19)
FN:119,(anonymous_20)
FN:125,(anonymous_21)
FN:143,(anonymous_22)
FN:146,(anonymous_23)
FN:147,(anonymous_24)
FN:147,(anonymous_25)
FN:151,(anonymous_26)
FN:157,(anonymous_27)
FN:169,(anonymous_28)
FN:174,(anonymous_29)
FN:179,(anonymous_30)
FN:185,(anonymous_31)
FN:186,(anonymous_32)
FN:187,(anonymous_33)
FN:188,(anonymous_34)
FN:189,(anonymous_35)
FN:190,(anonymous_36)
FNF:37
FNH:0
FNDA:0,RoutePicker
FNDA:0,(anonymous_1)
FNDA:0,(anonymous_2)
FNDA:0,(anonymous_3)
FNDA:0,(anonymous_4)
FNDA:0,(anonymous_5)
FNDA:0,(anonymous_6)
FNDA:0,(anonymous_7)
FNDA:0,(anonymous_8)
FNDA:0,(anonymous_9)
FNDA:0,(anonymous_10)
FNDA:0,(anonymous_11)
FNDA:0,(anonymous_12)
FNDA:0,(anonymous_13)
FNDA:0,(anonymous_14)
FNDA:0,(anonymous_15)
FNDA:0,(anonymous_16)
FNDA:0,(anonymous_17)
FNDA:0,(anonymous_18)
FNDA:0,(anonymous_19)
FNDA:0,(anonymous_20)
FNDA:0,(anonymous_21)
FNDA:0,(anonymous_22)
FNDA:0,(anonymous_23)
FNDA:0,(anonymous_24)
FNDA:0,(anonymous_25)
FNDA:0,(anonymous_26)
FNDA:0,(anonymous_27)
FNDA:0,(anonymous_28)
FNDA:0,(anonymous_29)
FNDA:0,(anonymous_30)
FNDA:0,(anonymous_31)
FNDA:0,(anonymous_32)
FNDA:0,(anonymous_33)
FNDA:0,(anonymous_34)
FNDA:0,(anonymous_35)
FNDA:0,(anonymous_36)
DA:1,0
DA:2,0
DA:3,0
DA:4,0
DA:5,0
DA:14,0
DA:15,0
DA:16,0
DA:17,0
DA:18,0
DA:19,0
DA:20,0
DA:21,0
DA:22,0
DA:24,0
DA:25,0
DA:26,0
DA:27,0
DA:28,0
DA:30,0
DA:33,0
DA:37,0
DA:38,0
DA:39,0
DA:40,0
DA:43,0
DA:44,0
DA:45,0
DA:46,0
DA:49,0
DA:50,0
DA:51,0
DA:52,0
DA:55,0
DA:56,0
DA:57,0
DA:58,0
DA:59,0
DA:60,0
DA:61,0
DA:64,0
DA:68,0
DA:69,0
DA:70,0
DA:73,0
DA:74,0
DA:75,0
DA:76,0
DA:78,0
DA:79,0
DA:88,0
DA:89,0
DA:91,0
DA:92,0
DA:94,0
DA:95,0
DA:98,0
DA:99,0
DA:103,0
DA:111,0
DA:114,0
DA:115,0
DA:120,0
DA:125,0
DA:143,0
DA:146,0
DA:147,0
DA:152,0
DA:157,0
DA:169,0
DA:174,0
DA:179,0
DA:185,0
DA:186,0
DA:187,0
DA:188,0
DA:189,0
DA:190,0
LF:78
LH:0
BRDA:45,0,0,0
BRDA:45,0,1,0
BRDA:46,1,0,0
BRDA:46,1,1,0
BRDA:51,2,0,0
BRDA:51,2,1,0
BRDA:52,3,0,0
BRDA:52,3,1,0
BRDA:56,4,0,0
BRDA:56,4,1,0
BRDA:56,5,0,0
BRDA:56,5,1,0
BRDA:59,6,0,0
BRDA:59,6,1,0
BRDA:60,7,0,0
BRDA:60,7,1,0
BRDA:60,8,0,0
BRDA:60,8,1,0
BRDA:60,9,0,0
BRDA:60,9,1,0
BRDA:60,10,0,0
BRDA:60,10,1,0
BRDA:74,11,0,0
BRDA:74,11,1,0
BRDA:74,12,0,0
BRDA:74,12,1,0
BRDA:82,13,0,0
BRDA:82,13,1,0
BRDA:83,14,0,0
BRDA:83,14,1,0
BRDA:84,15,0,0
BRDA:84,15,1,0
BRDA:85,16,0,0
BRDA:85,16,1,0
BRDA:94,17,0,0
BRDA:94,17,1,0
BRDA:94,18,0,0
BRDA:94,18,1,0
BRDA:94,18,2,0
BRDA:94,18,3,0
BRDA:117,19,0,0
BRDA:117,19,1,0
BRDA:117,19,2,0
BRDA:149,20,0,0
BRDA:149,20,1,0
BRDA:149,20,2,0
BRF:46
BRH:0
end_of_record
TN:
SF:src\components\Select.tsx
FN:11,(anonymous_0)
FN:30,(anonymous_1)
FN:34,(anonymous_2)
FN:48,(anonymous_3)
FNF:4
FNH:0
FNDA:0,(anonymous_0)
FNDA:0,(anonymous_1)
FNDA:0,(anonymous_2)
FNDA:0,(anonymous_3)
DA:1,0
DA:2,0
DA:10,0
DA:12,0
DA:14,0
DA:31,0
DA:32,0
DA:35,0
DA:36,0
DA:49,0
DA:73,0
DA:75,0
LF:12
LH:0
BRDA:11,0,0,0
BRDA:16,1,0,0
BRDA:16,1,1,0
BRDA:17,2,0,0
BRDA:17,2,1,0
BRDA:19,3,0,0
BRDA:19,3,1,0
BRDA:24,4,0,0
BRDA:24,4,1,0
BRDA:43,5,0,0
BRDA:43,5,1,0
BRDA:43,6,0,0
BRDA:43,6,1,0
BRDA:44,7,0,0
BRDA:44,7,1,0
BRDA:56,8,0,0
BRDA:56,8,1,0
BRF:17
BRH:0
end_of_record
TN:
SF:src\components\StatCard.tsx
FN:18,StatCard
FN:28,(anonymous_1)
FN:33,(anonymous_2)
FNF:3
FNH:0
FNDA:0,StatCard
FNDA:0,(anonymous_1)
FNDA:0,(anonymous_2)
DA:2,0
DA:3,0
DA:18,0
DA:19,0
DA:28,0
DA:29,0
DA:30,0
DA:33,0
DA:34,0
DA:35,0
DA:38,0
LF:11
LH:0
BRDA:18,0,0,0
BRDA:29,1,0,0
BRDA:29,1,1,0
BRDA:29,2,0,0
BRDA:29,2,1,0
BRDA:30,3,0,0
BRDA:30,3,1,0
BRDA:34,4,0,0
BRDA:34,4,1,0
BRDA:34,5,0,0
BRDA:34,5,1,0
BRDA:35,6,0,0
BRDA:35,6,1,0
BRDA:58,7,0,0
BRDA:58,7,1,0
BRDA:88,8,0,0
BRDA:88,8,1,0
BRDA:95,9,0,0
BRDA:95,9,1,0
BRDA:95,10,0,0
BRDA:95,10,1,0
BRDA:105,11,0,0
BRDA:105,11,1,0
BRF:23
BRH:0
end_of_record
TN:
SF:src\components\StatusOverview.tsx
FN:30,StatusOverview
FN:48,(anonymous_1)
FN:54,(anonymous_2)
FN:82,(anonymous_3)
FN:93,(anonymous_4)
FN:101,(anonymous_5)
FNF:6
FNH:0
FNDA:0,StatusOverview
FNDA:0,(anonymous_1)
FNDA:0,(anonymous_2)
FNDA:0,(anonymous_3)
FNDA:0,(anonymous_4)
FNDA:0,(anonymous_5)
DA:1,0
DA:2,0
DA:14,0
DA:22,0
DA:30,0
DA:31,0
DA:32,0
DA:48,0
DA:54,0
DA:56,0
DA:83,0
DA:93,0
DA:102,0
DA:103,0
LF:14
LH:0
BRDA:31,0,0,0
BRDA:31,0,1,0
BRDA:31,1,0,0
BRDA:31,1,1,0
BRDA:49,2,0,0
BRDA:49,2,1,0
BRDA:51,3,0,0
BRDA:51,3,1,0
BRDA:115,4,0,0
BRDA:115,4,1,0
BRDA:118,5,0,0
BRDA:118,5,1,0
BRF:12
BRH:0
end_of_record
TN:
SF:src\components\StatusTimeline.tsx
FN:17,StatusTimeline
FN:21,(anonymous_1)
FN:28,(anonymous_2)
FN:53,(anonymous_3)
FNF:4
FNH:0
FNDA:0,StatusTimeline
FNDA:0,(anonymous_1)
FNDA:0,(anonymous_2)
FNDA:0,(anonymous_3)
DA:1,0
DA:15,0
DA:17,0
DA:18,0
DA:19,0
DA:21,0
DA:22,0
DA:23,0
DA:25,0
DA:28,0
DA:29,0
DA:30,0
DA:33,0
DA:34,0
DA:51,0
DA:54,0
LF:16
LH:0
BRDA:22,0,0,0
BRDA:22,0,1,0
BRDA:23,1,0,0
BRDA:23,1,1,0
BRDA:25,2,0,0
BRDA:25,2,1,0
BRDA:29,3,0,0
BRDA:29,3,1,0
BRDA:30,4,0,0
BRDA:30,4,1,0
BRDA:33,5,0,0
BRDA:33,5,1,0
BRDA:59,6,0,0
BRDA:59,6,1,0
BRDA:69,7,0,0
BRDA:69,7,1,0
BRDA:72,8,0,0
BRDA:72,8,1,0
BRDA:75,9,0,0
BRDA:75,9,1,0
BRDA:75,9,2,0
BRDA:78,10,0,0
BRDA:78,10,1,0
BRDA:85,11,0,0
BRDA:85,11,1,0
BRF:25
BRH:0
end_of_record
TN:
SF:src\components\TextArea.tsx
FN:11,(anonymous_0)
FN:30,(anonymous_1)
FN:34,(anonymous_2)
FNF:3
FNH:0
FNDA:0,(anonymous_0)
FNDA:0,(anonymous_1)
FNDA:0,(anonymous_2)
DA:1,0
DA:2,0
DA:10,0
DA:12,0
DA:14,0
DA:31,0
DA:32,0
DA:35,0
DA:36,0
DA:70,0
DA:72,0
LF:11
LH:0
BRDA:11,0,0,0
BRDA:16,1,0,0
BRDA:16,1,1,0
BRDA:17,2,0,0
BRDA:17,2,1,0
BRDA:19,3,0,0
BRDA:19,3,1,0
BRDA:24,4,0,0
BRDA:24,4,1,0
BRDA:43,5,0,0
BRDA:43,5,1,0
BRDA:43,6,0,0
BRDA:43,6,1,0
BRDA:44,7,0,0
BRDA:44,7,1,0
BRDA:50,8,0,0
BRDA:50,8,1,0
BRDA:62,9,0,0
BRDA:62,9,1,0
BRDA:62,9,2,0
BRF:20
BRH:0
end_of_record
TN:
SF:src\components\Toast.tsx
FN:10,Toast
FN:11,(anonymous_1)
FN:12,(anonymous_2)
FN:16,(anonymous_3)
FNF:4
FNH:0
FNDA:0,Toast
FNDA:0,(anonymous_1)
FNDA:0,(anonymous_2)
FNDA:0,(anonymous_3)
DA:1,0
DA:10,0
DA:11,0
DA:12,0
DA:13,0
DA:16,0
DA:19,0
DA:26,0
DA:33,0
LF:9
LH:0
BRDA:10,0,0,0
BRF:1
BRH:0
end_of_record
TN:
SF:src\components\UpcomingDeliveries.tsx
FN:20,(anonymous_0)
FN:31,UpcomingDeliveries
FN:88,(anonymous_2)
FNF:3
FNH:0
FNDA:0,(anonymous_0)
FNDA:0,UpcomingDeliveries
FNDA:0,(anonymous_2)
DA:1,0
DA:2,0
DA:3,0
DA:4,0
DA:20,0
DA:21,0
DA:28,0
DA:31,0
DA:32,0
DA:33,0
DA:64,0
DA:89,0
LF:12
LH:0
BRDA:28,0,0,0
BRDA:28,0,1,0
BRDA:32,1,0,0
BRDA:32,1,1,0
BRDA:32,2,0,0
BRDA:32,2,1,0
BRF:6
BRH:0
end_of_record
TN:
SF:src\components\VehiclePerformance.tsx
FN:17,VehiclePerformance
FN:36,(anonymous_1)
FN:49,(anonymous_2)
FNF:3
FNH:0
FNDA:0,VehiclePerformance
FNDA:0,(anonymous_1)
FNDA:0,(anonymous_2)
DA:1,0
DA:2,0
DA:3,0
DA:17,0
DA:18,0
DA:19,0
DA:36,0
DA:38,0
DA:50,0
DA:53,0
DA:55,0
LF:11
LH:0
BRDA:18,0,0,0
BRDA:18,0,1,0
BRDA:18,1,0,0
BRDA:18,1,1,0
BRDA:50,2,0,0
BRDA:50,2,1,0
BRDA:68,3,0,0
BRDA:68,3,1,0
BRDA:68,4,0,0
BRDA:68,4,1,0
BRDA:68,5,0,0
BRDA:68,5,1,0
BRDA:74,6,0,0
BRDA:74,6,1,0
BRDA:74,7,0,0
BRDA:74,7,1,0
BRDA:74,8,0,0
BRDA:74,8,1,0
BRDA:105,9,0,0
BRDA:105,9,1,0
BRDA:105,10,0,0
BRDA:105,10,1,0
BRDA:105,11,0,0
BRDA:105,11,1,0
BRDA:105,12,0,0
BRDA:105,12,1,0
BRDA:105,13,0,0
BRDA:105,13,1,0
BRDA:105,14,0,0
BRDA:105,14,1,0
BRF:30
BRH:0
end_of_record
TN:
SF:src\components\VehicleSelect.tsx
FN:28,VehicleSelect
FN:33,(anonymous_1)
FN:36,(anonymous_2)
FN:39,(anonymous_3)
FN:60,(anonymous_4)
FN:65,(anonymous_5)
FN:71,(anonymous_6)
FN:91,(anonymous_7)
FNF:8
FNH:0
FNDA:0,VehicleSelect
FNDA:0,(anonymous_1)
FNDA:0,(anonymous_2)
FNDA:0,(anonymous_3)
FNDA:0,(anonymous_4)
FNDA:0,(anonymous_5)
FNDA:0,(anonymous_6)
FNDA:0,(anonymous_7)
DA:1,0
DA:2,0
DA:28,0
DA:29,0
DA:33,0
DA:34,0
DA:35,0
DA:36,0
DA:39,0
DA:40,0
DA:41,0
DA:42,0
DA:43,0
DA:45,0
DA:49,0
DA:54,0
DA:60,0
DA:66,0
DA:67,0
DA:71,0
DA:92,0
DA:93,0
DA:94,0
DA:96,0
DA:100,0
LF:25
LH:0
BRDA:35,0,0,0
BRDA:35,0,1,0
BRDA:40,1,0,0
BRDA:40,1,1,0
BRDA:40,2,0,0
BRDA:40,2,1,0
BRDA:41,3,0,0
BRDA:41,3,1,0
BRDA:41,4,0,0
BRDA:41,4,1,0
BRDA:42,5,0,0
BRDA:42,5,1,0
BRDA:42,6,0,0
BRDA:42,6,1,0
BRDA:43,7,0,0
BRDA:43,7,1,0
BRDA:45,8,0,0
BRDA:45,8,1,0
BRDA:45,9,0,0
BRDA:45,9,1,0
BRDA:46,10,0,0
BRDA:46,10,1,0
BRDA:46,11,0,0
BRDA:46,11,1,0
BRDA:47,12,0,0
BRDA:47,12,1,0
BRDA:47,13,0,0
BRDA:47,13,1,0
BRDA:75,14,0,0
BRDA:75,14,1,0
BRDA:76,15,0,0
BRDA:76,15,1,0
BRDA:86,16,0,0
BRDA:86,16,1,0
BRDA:92,17,0,0
BRDA:92,17,1,0
BRDA:92,18,0,0
BRDA:92,18,1,0
BRDA:93,19,0,0
BRDA:93,19,1,0
BRDA:93,20,0,0
BRDA:93,20,1,0
BRDA:93,21,0,0
BRDA:93,21,1,0
BRDA:94,22,0,0
BRDA:94,22,1,0
BRDA:96,23,0,0
BRDA:96,23,1,0
BRDA:96,24,0,0
BRDA:96,24,1,0
BRDA:97,25,0,0
BRDA:97,25,1,0
BRDA:97,26,0,0
BRDA:97,26,1,0
BRDA:98,27,0,0
BRDA:98,27,1,0
BRDA:98,28,0,0
BRDA:98,28,1,0
BRDA:131,29,0,0
BRDA:131,29,1,0
BRF:60
BRH:0
end_of_record
TN:
SF:src\context\ToastContext.tsx
FN:16,ToastProvider
FN:19,(anonymous_1)
FN:21,(anonymous_2)
FN:24,(anonymous_3)
FN:25,(anonymous_4)
FN:25,(anonymous_5)
FN:32,(anonymous_6)
FN:37,(anonymous_7)
FN:45,useToast
FNF:9
FNH:0
FNDA:0,ToastProvider
FNDA:0,(anonymous_1)
FNDA:0,(anonymous_2)
FNDA:0,(anonymous_3)
FNDA:0,(anonymous_4)
FNDA:0,(anonymous_5)
FNDA:0,(anonymous_6)
FNDA:0,(anonymous_7)
FNDA:0,useToast
DA:1,0
DA:2,0
DA:14,0
DA:16,0
DA:17,0
DA:19,0
DA:20,0
DA:21,0
DA:24,0
DA:25,0
DA:28,0
DA:33,0
DA:37,0
DA:45,0
DA:46,0
DA:47,0
DA:48,0
DA:50,0
LF:18
LH:0
BRDA:19,0,0,0
BRDA:47,1,0,0
BRDA:47,1,1,0
BRF:3
BRH:0
end_of_record
TN:
SF:src\hooks\useDebounce.ts
FN:3,useDebounce
FN:6,(anonymous_1)
FN:7,(anonymous_2)
FN:11,(anonymous_3)
FNF:4
FNH:0
FNDA:0,useDebounce
FNDA:0,(anonymous_1)
FNDA:0,(anonymous_2)
FNDA:0,(anonymous_3)
DA:1,0
DA:3,0
DA:4,0
DA:6,0
DA:7,0
DA:8,0
DA:11,0
DA:12,0
DA:16,0
LF:9
LH:0
BRDA:3,0,0,0
BRF:1
BRH:0
end_of_record
TN:
SF:src\pages\ActiveVehicles.tsx
FN:40,ActiveVehicles
FN:51,(anonymous_1)
FN:55,(anonymous_2)
FN:58,(anonymous_3)
FN:63,(anonymous_4)
FN:77,(anonymous_5)
FN:82,(anonymous_6)
FN:89,(anonymous_7)
FN:95,(anonymous_8)
FN:115,(anonymous_9)
FN:132,(anonymous_10)
FN:140,(anonymous_11)
FN:141,(anonymous_12)
FN:147,(anonymous_13)
FN:210,(anonymous_14)
FN:222,(anonymous_15)
FN:222,(anonymous_16)
FN:223,(anonymous_17)
FN:229,(anonymous_18)
FN:267,(anonymous_19)
FN:290,(anonymous_20)
FN:313,(anonymous_21)
FN:330,(anonymous_22)
FN:393,(anonymous_23)
FN:478,(anonymous_24)
FN:485,(anonymous_25)
FN:518,(anonymous_26)
FN:559,(anonymous_27)
FN:576,(anonymous_28)
FN:580,(anonymous_29)
FN:593,(anonymous_30)
FN:602,(anonymous_31)
FN:609,(anonymous_32)
FNF:33
FNH:0
FNDA:0,ActiveVehicles
FNDA:0,(anonymous_1)
FNDA:0,(anonymous_2)
FNDA:0,(anonymous_3)
FNDA:0,(anonymous_4)
FNDA:0,(anonymous_5)
FNDA:0,(anonymous_6)
FNDA:0,(anonymous_7)
FNDA:0,(anonymous_8)
FNDA:0,(anonymous_9)
FNDA:0,(anonymous_10)
FNDA:0,(anonymous_11)
FNDA:0,(anonymous_12)
FNDA:0,(anonymous_13)
FNDA:0,(anonymous_14)
FNDA:0,(anonymous_15)
FNDA:0,(anonymous_16)
FNDA:0,(anonymous_17)
FNDA:0,(anonymous_18)
FNDA:0,(anonymous_19)
FNDA:0,(anonymous_20)
FNDA:0,(anonymous_21)
FNDA:0,(anonymous_22)
FNDA:0,(anonymous_23)
FNDA:0,(anonymous_24)
FNDA:0,(anonymous_25)
FNDA:0,(anonymous_26)
FNDA:0,(anonymous_27)
FNDA:0,(anonymous_28)
FNDA:0,(anonymous_29)
FNDA:0,(anonymous_30)
FNDA:0,(anonymous_31)
FNDA:0,(anonymous_32)
DA:1,0
DA:2,0
DA:3,0
DA:4,0
DA:25,0
DA:26,0
DA:27,0
DA:28,0
DA:29,0
DA:31,0
DA:40,0
DA:41,0
DA:42,0
DA:43,0
DA:44,0
DA:45,0
DA:46,0
DA:47,0
DA:48,0
DA:49,0
DA:51,0
DA:52,0
DA:54,0
DA:55,0
DA:58,0
DA:59,0
DA:60,0
DA:62,0
DA:63,0
DA:64,0
DA:67,0
DA:69,0
DA:70,0
DA:72,0
DA:73,0
DA:77,0
DA:78,0
DA:79,0
DA:82,0
DA:83,0
DA:84,0
DA:85,0
DA:86,0
DA:89,0
DA:90,0
DA:91,0
DA:92,0
DA:95,0
DA:96,0
DA:98,0
DA:99,0
DA:102,0
DA:103,0
DA:107,0
DA:108,0
DA:110,0
DA:111,0
DA:115,0
DA:116,0
DA:117,0
DA:118,0
DA:119,0
DA:120,0
DA:122,0
DA:123,0
DA:124,0
DA:125,0
DA:126,0
DA:128,0
DA:132,0
DA:133,0
DA:134,0
DA:135,0
DA:136,0
DA:137,0
DA:140,0
DA:141,0
DA:142,0
DA:145,0
DA:147,0
DA:149,0
DA:210,0
DA:222,0
DA:223,0
DA:224,0
DA:229,0
DA:267,0
DA:290,0
DA:313,0
DA:331,0
DA:332,0
DA:334,0
DA:393,0
DA:479,0
DA:480,0
DA:485,0
DA:518,0
DA:559,0
DA:576,0
DA:580,0
DA:593,0
DA:602,0
DA:609,0
LF:103
LH:0
BRDA:64,0,0,0
BRDA:64,0,1,0
BRDA:96,1,0,0
BRDA:96,1,1,0
BRDA:102,2,0,0
BRDA:102,2,1,0
BRDA:122,3,0,0
BRDA:122,3,1,0
BRDA:125,4,0,0
BRDA:125,4,1,0
BRDA:134,5,0,0
BRDA:134,5,1,0
BRDA:134,6,0,0
BRDA:134,6,1,0
BRDA:135,7,0,0
BRDA:135,7,1,0
BRDA:135,8,0,0
BRDA:135,8,1,0
BRDA:136,9,0,0
BRDA:136,9,1,0
BRDA:136,10,0,0
BRDA:136,10,1,0
BRDA:142,11,0,0
BRDA:142,11,1,0
BRDA:145,12,0,0
BRDA:145,12,1,0
BRDA:161,13,0,0
BRDA:161,13,1,0
BRDA:185,14,0,0
BRDA:185,14,1,0
BRDA:212,15,0,0
BRDA:212,15,1,0
BRDA:215,16,0,0
BRDA:215,16,1,0
BRDA:216,17,0,0
BRDA:216,17,1,0
BRDA:217,18,0,0
BRDA:217,18,1,0
BRDA:231,19,0,0
BRDA:231,19,1,0
BRDA:234,20,0,0
BRDA:234,20,1,0
BRDA:235,21,0,0
BRDA:235,21,1,0
BRDA:236,22,0,0
BRDA:236,22,1,0
BRDA:323,23,0,0
BRDA:323,23,1,0
BRDA:328,24,0,0
BRDA:328,24,1,0
BRDA:344,25,0,0
BRDA:344,25,1,0
BRDA:349,26,0,0
BRDA:349,26,1,0
BRDA:365,27,0,0
BRDA:365,27,1,0
BRDA:440,28,0,0
BRDA:440,28,1,0
BRDA:440,28,2,0
BRDA:463,29,0,0
BRDA:463,29,1,0
BRDA:466,30,0,0
BRDA:466,30,1,0
BRDA:479,31,0,0
BRDA:479,31,1,0
BRDA:554,32,0,0
BRDA:554,32,1,0
BRDA:557,33,0,0
BRDA:557,33,1,0
BRDA:577,34,0,0
BRDA:577,34,1,0
BRF:71
BRH:0
end_of_record
TN:
SF:src\pages\ActiveVehiclesTest.tsx
FN:1,ActiveVehiclesTest
FNF:1
FNH:0
FNDA:0,ActiveVehiclesTest
DA:1,0
DA:2,0
LF:2
LH:0
BRF:0
BRH:0
end_of_record
TN:
SF:src\pages\ChartsPage.tsx
FN:32,ChartsPage
FN:36,(anonymous_1)
FN:40,(anonymous_2)
FN:88,(anonymous_3)
FN:92,(anonymous_4)
FN:99,(anonymous_5)
FN:106,(anonymous_6)
FN:116,(anonymous_7)
FN:120,(anonymous_8)
FN:121,(anonymous_9)
FN:124,(anonymous_10)
FN:166,(anonymous_11)
FN:176,(anonymous_12)
FN:199,(anonymous_13)
FN:208,(anonymous_14)
FNF:15
FNH:0
FNDA:0,ChartsPage
FNDA:0,(anonymous_1)
FNDA:0,(anonymous_2)
FNDA:0,(anonymous_3)
FNDA:0,(anonymous_4)
FNDA:0,(anonymous_5)
FNDA:0,(anonymous_6)
FNDA:0,(anonymous_7)
FNDA:0,(anonymous_8)
FNDA:0,(anonymous_9)
FNDA:0,(anonymous_10)
FNDA:0,(anonymous_11)
FNDA:0,(anonymous_12)
FNDA:0,(anonymous_13)
FNDA:0,(anonymous_14)
DA:1,0
DA:2,0
DA:3,0
DA:4,0
DA:16,0
DA:17,0
DA:18,0
DA:20,0
DA:32,0
DA:33,0
DA:34,0
DA:36,0
DA:37,0
DA:40,0
DA:41,0
DA:42,0
DA:44,0
DA:45,0
DA:47,0
DA:48,0
DA:49,0
DA:50,0
DA:59,0
DA:61,0
DA:63,0
DA:67,0
DA:68,0
DA:84,0
DA:87,0
DA:88,0
DA:92,0
DA:99,0
DA:106,0
DA:115,0
DA:116,0
DA:120,0
DA:122,0
DA:125,0
DA:132,0
DA:167,0
DA:176,0
DA:200,0
DA:208,0
LF:43
LH:0
BRDA:53,0,0,0
BRDA:53,0,1,0
BRDA:67,1,0,0
BRDA:67,1,1,0
BRDA:84,2,0,0
BRDA:84,2,1,0
BRDA:122,3,0,0
BRDA:122,3,1,0
BRDA:125,4,0,0
BRDA:125,4,1,0
BRF:10
BRH:0
end_of_record
TN:
SF:src\pages\CreateOrderFixed.tsx
FN:30,CreateOrderFixed
FN:67,(anonymous_1)
FN:71,(anonymous_2)
FN:78,(anonymous_3)
FN:82,(anonymous_4)
FN:87,(anonymous_5)
FN:89,(anonymous_6)
FN:91,(anonymous_7)
FN:96,(anonymous_8)
FN:102,(anonymous_9)
FN:109,(anonymous_10)
FN:119,(anonymous_11)
FN:128,(anonymous_12)
FN:147,(anonymous_13)
FN:160,(anonymous_14)
FN:164,(anonymous_15)
FN:168,(anonymous_16)
FN:176,(anonymous_17)
FN:178,(anonymous_18)
FN:182,(anonymous_19)
FN:184,(anonymous_20)
FN:186,(anonymous_21)
FN:191,(anonymous_22)
FN:192,(anonymous_23)
FN:200,(anonymous_24)
FN:201,(anonymous_25)
FN:204,(anonymous_26)
FN:248,(anonymous_27)
FN:316,(anonymous_28)
FN:322,(anonymous_29)
FN:328,(anonymous_30)
FN:395,(anonymous_31)
FN:398,(anonymous_32)
FN:400,(anonymous_33)
FN:425,(anonymous_34)
FN:425,(anonymous_35)
FN:432,(anonymous_36)
FN:432,(anonymous_37)
FN:440,(anonymous_38)
FN:440,(anonymous_39)
FN:486,(anonymous_40)
FN:486,(anonymous_41)
FN:493,(anonymous_42)
FN:494,(anonymous_43)
FN:559,(anonymous_44)
FN:571,(anonymous_45)
FN:604,(anonymous_46)
FN:666,(anonymous_47)
FN:692,(anonymous_48)
FN:707,(anonymous_49)
FN:707,(anonymous_50)
FN:721,(anonymous_51)
FN:754,(anonymous_52)
FN:805,(anonymous_53)
FNF:54
FNH:0
FNDA:0,CreateOrderFixed
FNDA:0,(anonymous_1)
FNDA:0,(anonymous_2)
FNDA:0,(anonymous_3)
FNDA:0,(anonymous_4)
FNDA:0,(anonymous_5)
FNDA:0,(anonymous_6)
FNDA:0,(anonymous_7)
FNDA:0,(anonymous_8)
FNDA:0,(anonymous_9)
FNDA:0,(anonymous_10)
FNDA:0,(anonymous_11)
FNDA:0,(anonymous_12)
FNDA:0,(anonymous_13)
FNDA:0,(anonymous_14)
FNDA:0,(anonymous_15)
FNDA:0,(anonymous_16)
FNDA:0,(anonymous_17)
FNDA:0,(anonymous_18)
FNDA:0,(anonymous_19)
FNDA:0,(anonymous_20)
FNDA:0,(anonymous_21)
FNDA:0,(anonymous_22)
FNDA:0,(anonymous_23)
FNDA:0,(anonymous_24)
FNDA:0,(anonymous_25)
FNDA:0,(anonymous_26)
FNDA:0,(anonymous_27)
FNDA:0,(anonymous_28)
FNDA:0,(anonymous_29)
FNDA:0,(anonymous_30)
FNDA:0,(anonymous_31)
FNDA:0,(anonymous_32)
FNDA:0,(anonymous_33)
FNDA:0,(anonymous_34)
FNDA:0,(anonymous_35)
FNDA:0,(anonymous_36)
FNDA:0,(anonymous_37)
FNDA:0,(anonymous_38)
FNDA:0,(anonymous_39)
FNDA:0,(anonymous_40)
FNDA:0,(anonymous_41)
FNDA:0,(anonymous_42)
FNDA:0,(anonymous_43)
FNDA:0,(anonymous_44)
FNDA:0,(anonymous_45)
FNDA:0,(anonymous_46)
FNDA:0,(anonymous_47)
FNDA:0,(anonymous_48)
FNDA:0,(anonymous_49)
FNDA:0,(anonymous_50)
FNDA:0,(anonymous_51)
FNDA:0,(anonymous_52)
FNDA:0,(anonymous_53)
DA:1,0
DA:2,0
DA:3,0
DA:4,0
DA:19,0
DA:20,0
DA:21,0
DA:23,0
DA:24,0
DA:25,0
DA:26,0
DA:27,0
DA:28,0
DA:30,0
DA:31,0
DA:32,0
DA:33,0
DA:34,0
DA:35,0
DA:36,0
DA:37,0
DA:38,0
DA:39,0
DA:41,0
DA:59,0
DA:60,0
DA:61,0
DA:64,0
DA:65,0
DA:67,0
DA:68,0
DA:71,0
DA:72,0
DA:73,0
DA:78,0
DA:79,0
DA:80,0
DA:81,0
DA:82,0
DA:87,0
DA:88,0
DA:89,0
DA:90,0
DA:91,0
DA:96,0
DA:97,0
DA:98,0
DA:102,0
DA:103,0
DA:104,0
DA:105,0
DA:106,0
DA:108,0
DA:109,0
DA:112,0
DA:113,0
DA:115,0
DA:119,0
DA:120,0
DA:121,0
DA:122,0
DA:124,0
DA:128,0
DA:129,0
DA:131,0
DA:132,0
DA:133,0
DA:143,0
DA:146,0
DA:147,0
DA:153,0
DA:155,0
DA:160,0
DA:161,0
DA:162,0
DA:164,0
DA:168,0
DA:169,0
DA:172,0
DA:173,0
DA:176,0
DA:177,0
DA:178,0
DA:182,0
DA:183,0
DA:184,0
DA:185,0
DA:186,0
DA:191,0
DA:192,0
DA:200,0
DA:201,0
DA:204,0
DA:205,0
DA:208,0
DA:209,0
DA:210,0
DA:211,0
DA:212,0
DA:213,0
DA:216,0
DA:219,0
DA:222,0
DA:223,0
DA:224,0
DA:225,0
DA:226,0
DA:229,0
DA:230,0
DA:232,0
DA:233,0
DA:234,0
DA:235,0
DA:238,0
DA:239,0
DA:240,0
DA:241,0
DA:244,0
DA:245,0
DA:248,0
DA:249,0
DA:251,0
DA:252,0
DA:253,0
DA:256,0
DA:257,0
DA:260,0
DA:261,0
DA:263,0
DA:264,0
DA:265,0
DA:270,0
DA:304,0
DA:305,0
DA:306,0
DA:309,0
DA:310,0
DA:312,0
DA:316,0
DA:317,0
DA:318,0
DA:319,0
DA:322,0
DA:323,0
DA:324,0
DA:325,0
DA:328,0
DA:329,0
DA:330,0
DA:331,0
DA:334,0
DA:396,0
DA:397,0
DA:398,0
DA:400,0
DA:425,0
DA:432,0
DA:440,0
DA:486,0
DA:494,0
DA:495,0
DA:496,0
DA:497,0
DA:498,0
DA:499,0
DA:501,0
DA:502,0
DA:559,0
DA:571,0
DA:605,0
DA:666,0
DA:693,0
DA:707,0
DA:721,0
DA:755,0
DA:756,0
DA:757,0
DA:758,0
DA:759,0
DA:806,0
DA:807,0
DA:808,0
DA:809,0
DA:810,0
DA:811,0
LF:185
LH:0
BRDA:72,0,0,0
BRDA:72,0,1,0
BRDA:79,1,0,0
BRDA:79,1,1,0
BRDA:80,2,0,0
BRDA:80,2,1,0
BRDA:88,3,0,0
BRDA:88,3,1,0
BRDA:88,4,0,0
BRDA:88,4,1,0
BRDA:90,5,0,0
BRDA:90,5,1,0
BRDA:97,6,0,0
BRDA:97,6,1,0
BRDA:97,7,0,0
BRDA:97,7,1,0
BRDA:108,8,0,0
BRDA:108,8,1,0
BRDA:129,9,0,0
BRDA:129,9,1,0
BRDA:138,10,0,0
BRDA:138,10,1,0
BRDA:140,11,0,0
BRDA:140,11,1,0
BRDA:141,12,0,0
BRDA:141,12,1,0
BRDA:146,13,0,0
BRDA:146,13,1,0
BRDA:161,14,0,0
BRDA:161,14,1,0
BRDA:172,15,0,0
BRDA:172,15,1,0
BRDA:172,16,0,0
BRDA:172,16,1,0
BRDA:172,16,2,0
BRDA:173,17,0,0
BRDA:173,17,1,0
BRDA:177,18,0,0
BRDA:177,18,1,0
BRDA:185,19,0,0
BRDA:185,19,1,0
BRDA:194,20,0,0
BRDA:194,20,1,0
BRDA:195,21,0,0
BRDA:195,21,1,0
BRDA:196,22,0,0
BRDA:196,22,1,0
BRDA:208,23,0,0
BRDA:208,23,1,0
BRDA:209,24,0,0
BRDA:209,24,1,0
BRDA:210,25,0,0
BRDA:210,25,1,0
BRDA:212,26,0,0
BRDA:212,26,1,0
BRDA:212,27,0,0
BRDA:212,27,1,0
BRDA:216,28,0,0
BRDA:216,28,1,0
BRDA:219,29,0,0
BRDA:219,29,1,0
BRDA:223,30,0,0
BRDA:223,30,1,0
BRDA:225,31,0,0
BRDA:225,31,1,0
BRDA:229,32,0,0
BRDA:229,32,1,0
BRDA:230,33,0,0
BRDA:230,33,1,0
BRDA:232,34,0,0
BRDA:232,34,1,0
BRDA:234,35,0,0
BRDA:234,35,1,0
BRDA:234,36,0,0
BRDA:234,36,1,0
BRDA:238,37,0,0
BRDA:238,37,1,0
BRDA:240,38,0,0
BRDA:240,38,1,0
BRDA:240,39,0,0
BRDA:240,39,1,0
BRDA:251,40,0,0
BRDA:251,40,1,0
BRDA:263,41,0,0
BRDA:263,41,1,0
BRDA:265,42,0,0
BRDA:265,42,1,0
BRDA:271,43,0,0
BRDA:271,43,1,0
BRDA:274,44,0,0
BRDA:274,44,1,0
BRDA:281,45,0,0
BRDA:281,45,1,0
BRDA:283,46,0,0
BRDA:283,46,1,0
BRDA:283,47,0,0
BRDA:283,47,1,0
BRDA:284,48,0,0
BRDA:284,48,1,0
BRDA:286,49,0,0
BRDA:286,49,1,0
BRDA:286,50,0,0
BRDA:286,50,1,0
BRDA:287,51,0,0
BRDA:287,51,1,0
BRDA:287,52,0,0
BRDA:287,52,1,0
BRDA:288,53,0,0
BRDA:288,53,1,0
BRDA:288,54,0,0
BRDA:288,54,1,0
BRDA:289,55,0,0
BRDA:289,55,1,0
BRDA:289,56,0,0
BRDA:289,56,1,0
BRDA:290,57,0,0
BRDA:290,57,1,0
BRDA:290,58,0,0
BRDA:290,58,1,0
BRDA:291,59,0,0
BRDA:291,59,1,0
BRDA:291,60,0,0
BRDA:291,60,1,0
BRDA:292,61,0,0
BRDA:292,61,1,0
BRDA:292,62,0,0
BRDA:292,62,1,0
BRDA:294,63,0,0
BRDA:294,63,1,0
BRDA:294,64,0,0
BRDA:294,64,1,0
BRDA:295,65,0,0
BRDA:295,65,1,0
BRDA:295,66,0,0
BRDA:295,66,1,0
BRDA:296,67,0,0
BRDA:296,67,1,0
BRDA:296,68,0,0
BRDA:296,68,1,0
BRDA:299,69,0,0
BRDA:299,69,1,0
BRDA:300,70,0,0
BRDA:300,70,1,0
BRDA:301,71,0,0
BRDA:301,71,1,0
BRDA:304,72,0,0
BRDA:304,72,1,0
BRDA:317,73,0,0
BRDA:317,73,1,0
BRDA:318,74,0,0
BRDA:318,74,1,0
BRDA:323,75,0,0
BRDA:323,75,1,0
BRDA:324,76,0,0
BRDA:324,76,1,0
BRDA:329,77,0,0
BRDA:329,77,1,0
BRDA:330,78,0,0
BRDA:330,78,1,0
BRDA:397,79,0,0
BRDA:397,79,1,0
BRDA:417,80,0,0
BRDA:417,80,1,0
BRDA:420,81,0,0
BRDA:420,81,1,0
BRDA:459,82,0,0
BRDA:459,82,1,0
BRDA:463,83,0,0
BRDA:463,83,1,0
BRDA:489,84,0,0
BRDA:489,84,1,0
BRDA:495,85,0,0
BRDA:495,85,1,0
BRDA:496,86,0,0
BRDA:496,86,1,0
BRDA:496,87,0,0
BRDA:496,87,1,0
BRDA:497,88,0,0
BRDA:497,88,1,0
BRDA:497,89,0,0
BRDA:497,89,1,0
BRDA:498,90,0,0
BRDA:498,90,1,0
BRDA:498,91,0,0
BRDA:498,91,1,0
BRDA:499,92,0,0
BRDA:499,92,1,0
BRDA:499,93,0,0
BRDA:499,93,1,0
BRDA:499,94,0,0
BRDA:499,94,1,0
BRDA:499,95,0,0
BRDA:499,95,1,0
BRDA:499,96,0,0
BRDA:499,96,1,0
BRDA:499,97,0,0
BRDA:499,97,1,0
BRDA:562,98,0,0
BRDA:562,98,1,0
BRDA:574,99,0,0
BRDA:574,99,1,0
BRDA:605,100,0,0
BRDA:605,100,1,0
BRDA:605,101,0,0
BRDA:605,101,1,0
BRDA:605,101,2,0
BRDA:608,102,0,0
BRDA:608,102,1,0
BRDA:658,103,0,0
BRDA:658,103,1,0
BRDA:668,104,0,0
BRDA:668,104,1,0
BRDA:673,105,0,0
BRDA:673,105,1,0
BRDA:691,106,0,0
BRDA:691,106,1,0
BRDA:693,107,0,0
BRDA:693,107,1,0
BRDA:693,108,0,0
BRDA:693,108,1,0
BRDA:693,108,2,0
BRDA:695,109,0,0
BRDA:695,109,1,0
BRDA:695,110,0,0
BRDA:695,110,1,0
BRDA:698,111,0,0
BRDA:698,111,1,0
BRDA:698,111,2,0
BRDA:731,112,0,0
BRDA:731,112,1,0
BRDA:731,112,2,0
BRDA:731,112,3,0
BRDA:733,113,0,0
BRDA:733,113,1,0
BRDA:754,114,0,0
BRDA:754,114,1,0
BRDA:754,114,2,0
BRDA:754,114,3,0
BRDA:755,115,0,0
BRDA:755,115,1,0
BRDA:756,116,0,0
BRDA:756,116,1,0
BRDA:758,117,0,0
BRDA:758,117,1,0
BRDA:765,118,0,0
BRDA:765,118,1,0
BRDA:765,119,0,0
BRDA:765,119,1,0
BRDA:766,120,0,0
BRDA:766,120,1,0
BRDA:766,121,0,0
BRDA:766,121,1,0
BRDA:771,122,0,0
BRDA:771,122,1,0
BRDA:771,123,0,0
BRDA:771,123,1,0
BRDA:775,124,0,0
BRDA:775,124,1,0
BRDA:775,125,0,0
BRDA:775,125,1,0
BRDA:781,126,0,0
BRDA:781,126,1,0
BRDA:805,127,0,0
BRDA:805,127,1,0
BRDA:805,127,2,0
BRDA:805,127,3,0
BRDA:806,128,0,0
BRDA:806,128,1,0
BRDA:807,129,0,0
BRDA:807,129,1,0
BRDA:809,130,0,0
BRDA:809,130,1,0
BRDA:817,131,0,0
BRDA:817,131,1,0
BRDA:817,132,0,0
BRDA:817,132,1,0
BRDA:818,133,0,0
BRDA:818,133,1,0
BRDA:818,134,0,0
BRDA:818,134,1,0
BRDA:823,135,0,0
BRDA:823,135,1,0
BRDA:823,136,0,0
BRDA:823,136,1,0
BRDA:833,137,0,0
BRDA:833,137,1,0
BRDA:861,138,0,0
BRDA:861,138,1,0
BRDA:861,138,2,0
BRF:289
BRH:0
end_of_record
TN:
SF:src\pages\Dashboard.tsx
FN:74,Dashboard
FN:79,(anonymous_1)
FN:84,(anonymous_2)
FN:95,(anonymous_3)
FNF:4
FNH:0
FNDA:0,Dashboard
FNDA:0,(anonymous_1)
FNDA:0,(anonymous_2)
FNDA:0,(anonymous_3)
DA:1,0
DA:2,0
DA:3,0
DA:11,0
DA:12,0
DA:13,0
DA:14,0
DA:15,0
DA:16,0
DA:17,0
DA:74,0
DA:75,0
DA:76,0
DA:77,0
DA:79,0
DA:80,0
DA:81,0
DA:84,0
DA:85,0
DA:86,0
DA:87,0
DA:89,0
DA:91,0
DA:95,0
DA:96,0
DA:97,0
DA:98,0
DA:99,0
DA:102,0
DA:103,0
DA:120,0
DA:127,0
LF:32
LH:0
BRDA:97,0,0,0
BRDA:97,0,1,0
BRDA:98,1,0,0
BRDA:98,1,1,0
BRDA:102,2,0,0
BRDA:102,2,1,0
BRDA:172,3,0,0
BRDA:172,3,1,0
BRDA:176,4,0,0
BRDA:176,4,1,0
BRDA:177,5,0,0
BRDA:177,5,1,0
BRDA:183,6,0,0
BRDA:183,6,1,0
BRDA:191,7,0,0
BRDA:191,7,1,0
BRDA:199,8,0,0
BRDA:199,8,1,0
BRDA:225,9,0,0
BRDA:225,9,1,0
BRDA:228,10,0,0
BRDA:228,10,1,0
BRDA:230,11,0,0
BRDA:230,11,1,0
BRDA:252,12,0,0
BRDA:252,12,1,0
BRDA:252,13,0,0
BRDA:252,13,1,0
BRDA:276,14,0,0
BRDA:276,14,1,0
BRDA:279,15,0,0
BRDA:279,15,1,0
BRDA:281,16,0,0
BRDA:281,16,1,0
BRDA:303,17,0,0
BRDA:303,17,1,0
BRDA:319,18,0,0
BRDA:319,18,1,0
BRDA:325,19,0,0
BRDA:325,19,1,0
BRDA:331,20,0,0
BRDA:331,20,1,0
BRDA:332,21,0,0
BRDA:332,21,1,0
BRF:44
BRH:0
end_of_record
TN:
SF:src\pages\EditOrder.tsx
FN:20,EditOrder
FN:53,(anonymous_1)
FN:58,(anonymous_2)
FN:64,(anonymous_3)
FN:100,(anonymous_4)
FN:109,(anonymous_5)
FN:132,(anonymous_6)
FN:134,(anonymous_7)
FN:136,(anonymous_8)
FN:140,(anonymous_9)
FN:167,(anonymous_10)
FN:264,(anonymous_11)
FN:264,(anonymous_12)
FN:272,(anonymous_13)
FN:272,(anonymous_14)
FN:281,(anonymous_15)
FN:281,(anonymous_16)
FN:299,(anonymous_17)
FN:395,(anonymous_18)
FN:395,(anonymous_19)
FN:460,(anonymous_20)
FNF:21
FNH:0
FNDA:0,EditOrder
FNDA:0,(anonymous_1)
FNDA:0,(anonymous_2)
FNDA:0,(anonymous_3)
FNDA:0,(anonymous_4)
FNDA:0,(anonymous_5)
FNDA:0,(anonymous_6)
FNDA:0,(anonymous_7)
FNDA:0,(anonymous_8)
FNDA:0,(anonymous_9)
FNDA:0,(anonymous_10)
FNDA:0,(anonymous_11)
FNDA:0,(anonymous_12)
FNDA:0,(anonymous_13)
FNDA:0,(anonymous_14)
FNDA:0,(anonymous_15)
FNDA:0,(anonymous_16)
FNDA:0,(anonymous_17)
FNDA:0,(anonymous_18)
FNDA:0,(anonymous_19)
FNDA:0,(anonymous_20)
DA:1,0
DA:2,0
DA:3,0
DA:4,0
DA:5,0
DA:6,0
DA:7,0
DA:8,0
DA:9,0
DA:11,0
DA:20,0
DA:21,0
DA:22,0
DA:23,0
DA:24,0
DA:25,0
DA:26,0
DA:27,0
DA:28,0
DA:29,0
DA:31,0
DA:50,0
DA:51,0
DA:53,0
DA:54,0
DA:55,0
DA:58,0
DA:59,0
DA:60,0
DA:64,0
DA:65,0
DA:66,0
DA:67,0
DA:69,0
DA:70,0
DA:72,0
DA:91,0
DA:93,0
DA:94,0
DA:96,0
DA:100,0
DA:101,0
DA:102,0
DA:103,0
DA:105,0
DA:109,0
DA:110,0
DA:112,0
DA:113,0
DA:114,0
DA:124,0
DA:126,0
DA:128,0
DA:132,0
DA:133,0
DA:134,0
DA:135,0
DA:136,0
DA:140,0
DA:141,0
DA:143,0
DA:144,0
DA:145,0
DA:146,0
DA:149,0
DA:152,0
DA:153,0
DA:154,0
DA:155,0
DA:156,0
DA:157,0
DA:159,0
DA:160,0
DA:163,0
DA:164,0
DA:167,0
DA:168,0
DA:170,0
DA:171,0
DA:172,0
DA:175,0
DA:176,0
DA:179,0
DA:180,0
DA:182,0
DA:183,0
DA:184,0
DA:189,0
DA:220,0
DA:221,0
DA:223,0
DA:224,0
DA:226,0
DA:230,0
DA:231,0
DA:241,0
DA:264,0
DA:272,0
DA:281,0
DA:299,0
DA:395,0
DA:460,0
LF:102
LH:0
BRDA:59,0,0,0
BRDA:59,0,1,0
BRDA:59,1,0,0
BRDA:59,1,1,0
BRDA:73,2,0,0
BRDA:73,2,1,0
BRDA:74,3,0,0
BRDA:74,3,1,0
BRDA:75,4,0,0
BRDA:75,4,1,0
BRDA:76,5,0,0
BRDA:76,5,1,0
BRDA:77,6,0,0
BRDA:77,6,1,0
BRDA:78,7,0,0
BRDA:78,7,1,0
BRDA:79,8,0,0
BRDA:79,8,1,0
BRDA:80,9,0,0
BRDA:80,9,1,0
BRDA:81,10,0,0
BRDA:81,10,1,0
BRDA:82,11,0,0
BRDA:82,11,1,0
BRDA:83,12,0,0
BRDA:83,12,1,0
BRDA:84,13,0,0
BRDA:84,13,1,0
BRDA:85,14,0,0
BRDA:85,14,1,0
BRDA:86,15,0,0
BRDA:86,15,1,0
BRDA:87,16,0,0
BRDA:87,16,1,0
BRDA:88,17,0,0
BRDA:88,17,1,0
BRDA:91,18,0,0
BRDA:91,18,1,0
BRDA:110,19,0,0
BRDA:110,19,1,0
BRDA:119,20,0,0
BRDA:119,20,1,0
BRDA:121,21,0,0
BRDA:121,21,1,0
BRDA:122,22,0,0
BRDA:122,22,1,0
BRDA:135,23,0,0
BRDA:135,23,1,0
BRDA:143,24,0,0
BRDA:143,24,1,0
BRDA:144,25,0,0
BRDA:144,25,1,0
BRDA:145,26,0,0
BRDA:145,26,1,0
BRDA:145,27,0,0
BRDA:145,27,1,0
BRDA:149,28,0,0
BRDA:149,28,1,0
BRDA:152,29,0,0
BRDA:152,29,1,0
BRDA:153,30,0,0
BRDA:153,30,1,0
BRDA:154,31,0,0
BRDA:154,31,1,0
BRDA:155,32,0,0
BRDA:155,32,1,0
BRDA:156,33,0,0
BRDA:156,33,1,0
BRDA:156,34,0,0
BRDA:156,34,1,0
BRDA:159,35,0,0
BRDA:159,35,1,0
BRDA:159,36,0,0
BRDA:159,36,1,0
BRDA:170,37,0,0
BRDA:170,37,1,0
BRDA:182,38,0,0
BRDA:182,38,1,0
BRDA:184,39,0,0
BRDA:184,39,1,0
BRDA:190,40,0,0
BRDA:190,40,1,0
BRDA:193,41,0,0
BRDA:193,41,1,0
BRDA:199,42,0,0
BRDA:199,42,1,0
BRDA:201,43,0,0
BRDA:201,43,1,0
BRDA:201,44,0,0
BRDA:201,44,1,0
BRDA:202,45,0,0
BRDA:202,45,1,0
BRDA:203,46,0,0
BRDA:203,46,1,0
BRDA:203,47,0,0
BRDA:203,47,1,0
BRDA:204,48,0,0
BRDA:204,48,1,0
BRDA:204,49,0,0
BRDA:204,49,1,0
BRDA:205,50,0,0
BRDA:205,50,1,0
BRDA:205,51,0,0
BRDA:205,51,1,0
BRDA:206,52,0,0
BRDA:206,52,1,0
BRDA:206,53,0,0
BRDA:206,53,1,0
BRDA:207,54,0,0
BRDA:207,54,1,0
BRDA:207,55,0,0
BRDA:207,55,1,0
BRDA:208,56,0,0
BRDA:208,56,1,0
BRDA:208,57,0,0
BRDA:208,57,1,0
BRDA:209,58,0,0
BRDA:209,58,1,0
BRDA:209,59,0,0
BRDA:209,59,1,0
BRDA:210,60,0,0
BRDA:210,60,1,0
BRDA:210,61,0,0
BRDA:210,61,1,0
BRDA:211,62,0,0
BRDA:211,62,1,0
BRDA:211,63,0,0
BRDA:211,63,1,0
BRDA:212,64,0,0
BRDA:212,64,1,0
BRDA:212,65,0,0
BRDA:212,65,1,0
BRDA:215,66,0,0
BRDA:215,66,1,0
BRDA:216,67,0,0
BRDA:216,67,1,0
BRDA:217,68,0,0
BRDA:217,68,1,0
BRDA:230,69,0,0
BRDA:230,69,1,0
BRDA:251,70,0,0
BRDA:251,70,1,0
BRDA:289,71,0,0
BRDA:289,71,1,0
BRDA:385,72,0,0
BRDA:385,72,1,0
BRDA:432,73,0,0
BRDA:432,73,1,0
BRDA:432,73,2,0
BRDA:434,74,0,0
BRDA:434,74,1,0
BRDA:435,75,0,0
BRDA:435,75,1,0
BRDA:441,76,0,0
BRDA:441,76,1,0
BRDA:442,77,0,0
BRDA:442,77,1,0
BRDA:465,78,0,0
BRDA:465,78,1,0
BRDA:466,79,0,0
BRDA:466,79,1,0
BRF:161
BRH:0
end_of_record
TN:
SF:src\pages\OrderDetail.tsx
FN:53,OrderDetail
FN:79,(anonymous_1)
FN:84,(anonymous_2)
FN:98,(anonymous_3)
FN:107,(anonymous_4)
FN:173,(anonymous_5)
FN:179,(anonymous_6)
FN:249,(anonymous_7)
FN:272,(anonymous_8)
FN:284,(anonymous_9)
FN:290,(anonymous_10)
FN:299,(anonymous_11)
FN:335,(anonymous_12)
FN:348,(anonymous_13)
FN:349,(anonymous_14)
FN:352,(anonymous_15)
FN:356,(anonymous_16)
FN:390,(anonymous_17)
FN:408,(anonymous_18)
FN:453,(anonymous_19)
FN:462,(anonymous_20)
FN:544,(anonymous_21)
FN:549,(anonymous_22)
FN:555,(anonymous_23)
FN:565,(anonymous_24)
FN:801,(anonymous_25)
FN:821,(anonymous_26)
FN:843,(anonymous_27)
FN:868,(anonymous_28)
FN:877,(anonymous_29)
FN:900,(anonymous_30)
FN:924,(anonymous_31)
FN:928,(anonymous_32)
FN:940,(anonymous_33)
FN:947,(anonymous_34)
FN:953,(anonymous_35)
FN:961,(anonymous_36)
FN:965,(anonymous_37)
FN:993,(anonymous_38)
FN:1002,(anonymous_39)
FN:1010,(anonymous_40)
FN:1040,(anonymous_41)
FN:1073,(anonymous_42)
FN:1077,(anonymous_43)
FN:1121,getStatusColor
FN:1133,getStatusBgColor
FN:1145,getStatusTextColor
FN:1157,getStatusIcon
FNF:48
FNH:0
FNDA:0,OrderDetail
FNDA:0,(anonymous_1)
FNDA:0,(anonymous_2)
FNDA:0,(anonymous_3)
FNDA:0,(anonymous_4)
FNDA:0,(anonymous_5)
FNDA:0,(anonymous_6)
FNDA:0,(anonymous_7)
FNDA:0,(anonymous_8)
FNDA:0,(anonymous_9)
FNDA:0,(anonymous_10)
FNDA:0,(anonymous_11)
FNDA:0,(anonymous_12)
FNDA:0,(anonymous_13)
FNDA:0,(anonymous_14)
FNDA:0,(anonymous_15)
FNDA:0,(anonymous_16)
FNDA:0,(anonymous_17)
FNDA:0,(anonymous_18)
FNDA:0,(anonymous_19)
FNDA:0,(anonymous_20)
FNDA:0,(anonymous_21)
FNDA:0,(anonymous_22)
FNDA:0,(anonymous_23)
FNDA:0,(anonymous_24)
FNDA:0,(anonymous_25)
FNDA:0,(anonymous_26)
FNDA:0,(anonymous_27)
FNDA:0,(anonymous_28)
FNDA:0,(anonymous_29)
FNDA:0,(anonymous_30)
FNDA:0,(anonymous_31)
FNDA:0,(anonymous_32)
FNDA:0,(anonymous_33)
FNDA:0,(anonymous_34)
FNDA:0,(anonymous_35)
FNDA:0,(anonymous_36)
FNDA:0,(anonymous_37)
FNDA:0,(anonymous_38)
FNDA:0,(anonymous_39)
FNDA:0,(anonymous_40)
FNDA:0,(anonymous_41)
FNDA:0,(anonymous_42)
FNDA:0,(anonymous_43)
FNDA:0,getStatusColor
FNDA:0,getStatusBgColor
FNDA:0,getStatusTextColor
FNDA:0,getStatusIcon
DA:1,0
DA:2,0
DA:3,0
DA:4,0
DA:25,0
DA:26,0
DA:27,0
DA:28,0
DA:29,0
DA:30,0
DA:31,0
DA:32,0
DA:33,0
DA:35,0
DA:44,0
DA:53,0
DA:54,0
DA:55,0
DA:56,0
DA:57,0
DA:58,0
DA:59,0
DA:60,0
DA:63,0
DA:64,0
DA:65,0
DA:66,0
DA:67,0
DA:68,0
DA:71,0
DA:72,0
DA:75,0
DA:76,0
DA:77,0
DA:79,0
DA:80,0
DA:81,0
DA:84,0
DA:85,0
DA:86,0
DA:87,0
DA:88,0
DA:89,0
DA:90,0
DA:92,0
DA:94,0
DA:98,0
DA:99,0
DA:100,0
DA:101,0
DA:103,0
DA:107,0
DA:108,0
DA:111,0
DA:112,0
DA:113,0
DA:114,0
DA:117,0
DA:118,0
DA:119,0
DA:120,0
DA:123,0
DA:124,0
DA:127,0
DA:128,0
DA:129,0
DA:152,0
DA:158,0
DA:159,0
DA:160,0
DA:161,0
DA:163,0
DA:166,0
DA:167,0
DA:169,0
DA:173,0
DA:174,0
DA:175,0
DA:176,0
DA:179,0
DA:180,0
DA:181,0
DA:184,0
DA:186,0
DA:187,0
DA:188,0
DA:190,0
DA:193,0
DA:194,0
DA:196,0
DA:198,0
DA:201,0
DA:225,0
DA:231,0
DA:232,0
DA:233,0
DA:235,0
DA:238,0
DA:244,0
DA:245,0
DA:249,0
DA:250,0
DA:251,0
DA:252,0
DA:255,0
DA:256,0
DA:263,0
DA:264,0
DA:265,0
DA:267,0
DA:268,0
DA:272,0
DA:273,0
DA:275,0
DA:276,0
DA:277,0
DA:279,0
DA:280,0
DA:284,0
DA:285,0
DA:286,0
DA:290,0
DA:291,0
DA:292,0
DA:293,0
DA:296,0
DA:298,0
DA:299,0
DA:300,0
DA:302,0
DA:303,0
DA:304,0
DA:307,0
DA:308,0
DA:313,0
DA:320,0
DA:321,0
DA:322,0
DA:324,0
DA:325,0
DA:328,0
DA:330,0
DA:331,0
DA:335,0
DA:336,0
DA:338,0
DA:339,0
DA:340,0
DA:341,0
DA:343,0
DA:344,0
DA:348,0
DA:349,0
DA:352,0
DA:353,0
DA:356,0
DA:357,0
DA:358,0
DA:359,0
DA:360,0
DA:363,0
DA:364,0
DA:380,0
DA:381,0
DA:390,0
DA:398,0
DA:408,0
DA:453,0
DA:462,0
DA:545,0
DA:549,0
DA:555,0
DA:565,0
DA:801,0
DA:822,0
DA:843,0
DA:868,0
DA:878,0
DA:900,0
DA:924,0
DA:928,0
DA:940,0
DA:947,0
DA:953,0
DA:961,0
DA:965,0
DA:994,0
DA:995,0
DA:1003,0
DA:1004,0
DA:1011,0
DA:1012,0
DA:1041,0
DA:1042,0
DA:1073,0
DA:1077,0
DA:1122,0
DA:1130,0
DA:1134,0
DA:1142,0
DA:1146,0
DA:1154,0
DA:1158,0
DA:1166,0
LF:204
LH:0
BRDA:89,0,0,0
BRDA:89,0,1,0
BRDA:90,1,0,0
BRDA:90,1,1,0
BRDA:111,2,0,0
BRDA:111,2,1,0
BRDA:111,3,0,0
BRDA:111,3,1,0
BRDA:136,4,0,0
BRDA:136,4,1,0
BRDA:139,5,0,0
BRDA:139,5,1,0
BRDA:140,6,0,0
BRDA:140,6,1,0
BRDA:141,7,0,0
BRDA:141,7,1,0
BRDA:142,8,0,0
BRDA:142,8,1,0
BRDA:143,9,0,0
BRDA:143,9,1,0
BRDA:144,10,0,0
BRDA:144,10,1,0
BRDA:145,11,0,0
BRDA:145,11,1,0
BRDA:158,12,0,0
BRDA:158,12,1,0
BRDA:193,13,0,0
BRDA:193,13,1,0
BRDA:193,14,0,0
BRDA:193,14,1,0
BRDA:193,14,2,0
BRDA:208,15,0,0
BRDA:208,15,1,0
BRDA:211,16,0,0
BRDA:211,16,1,0
BRDA:212,17,0,0
BRDA:212,17,1,0
BRDA:213,18,0,0
BRDA:213,18,1,0
BRDA:214,19,0,0
BRDA:214,19,1,0
BRDA:215,20,0,0
BRDA:215,20,1,0
BRDA:216,21,0,0
BRDA:216,21,1,0
BRDA:217,22,0,0
BRDA:217,22,1,0
BRDA:231,23,0,0
BRDA:231,23,1,0
BRDA:250,24,0,0
BRDA:250,24,1,0
BRDA:250,25,0,0
BRDA:250,25,1,0
BRDA:273,26,0,0
BRDA:273,26,1,0
BRDA:285,27,0,0
BRDA:285,27,1,0
BRDA:285,28,0,0
BRDA:285,28,1,0
BRDA:291,29,0,0
BRDA:291,29,1,0
BRDA:302,30,0,0
BRDA:302,30,1,0
BRDA:336,31,0,0
BRDA:336,31,1,0
BRDA:353,32,0,0
BRDA:353,32,1,0
BRDA:357,33,0,0
BRDA:357,33,1,0
BRDA:363,34,0,0
BRDA:363,34,1,0
BRDA:380,35,0,0
BRDA:380,35,1,0
BRDA:450,36,0,0
BRDA:450,36,1,0
BRDA:450,36,2,0
BRDA:488,37,0,0
BRDA:488,37,1,0
BRDA:512,38,0,0
BRDA:512,38,1,0
BRDA:518,39,0,0
BRDA:518,39,1,0
BRDA:542,40,0,0
BRDA:542,40,1,0
BRDA:548,41,0,0
BRDA:548,41,1,0
BRDA:582,42,0,0
BRDA:582,42,1,0
BRDA:634,43,0,0
BRDA:634,43,1,0
BRDA:641,44,0,0
BRDA:641,44,1,0
BRDA:643,45,0,0
BRDA:643,45,1,0
BRDA:675,46,0,0
BRDA:675,46,1,0
BRDA:676,47,0,0
BRDA:676,47,1,0
BRDA:681,48,0,0
BRDA:681,48,1,0
BRDA:685,49,0,0
BRDA:685,49,1,0
BRDA:692,50,0,0
BRDA:692,50,1,0
BRDA:701,51,0,0
BRDA:701,51,1,0
BRDA:711,52,0,0
BRDA:711,52,1,0
BRDA:711,52,2,0
BRDA:722,53,0,0
BRDA:722,53,1,0
BRDA:732,54,0,0
BRDA:732,54,1,0
BRDA:739,55,0,0
BRDA:739,55,1,0
BRDA:749,56,0,0
BRDA:749,56,1,0
BRDA:756,57,0,0
BRDA:756,57,1,0
BRDA:768,58,0,0
BRDA:768,58,1,0
BRDA:780,59,0,0
BRDA:780,59,1,0
BRDA:808,60,0,0
BRDA:808,60,1,0
BRDA:834,61,0,0
BRDA:834,61,1,0
BRDA:875,62,0,0
BRDA:875,62,1,0
BRDA:982,63,0,0
BRDA:982,63,1,0
BRDA:1014,64,0,0
BRDA:1014,64,1,0
BRDA:1015,65,0,0
BRDA:1015,65,1,0
BRDA:1017,66,0,0
BRDA:1017,66,1,0
BRDA:1025,67,0,0
BRDA:1025,67,1,0
BRDA:1060,68,0,0
BRDA:1060,68,1,0
BRDA:1060,69,0,0
BRDA:1060,69,1,0
BRDA:1081,70,0,0
BRDA:1081,70,1,0
BRDA:1104,71,0,0
BRDA:1104,71,1,0
BRDA:1104,71,2,0
BRDA:1104,71,3,0
BRDA:1130,72,0,0
BRDA:1130,72,1,0
BRDA:1142,73,0,0
BRDA:1142,73,1,0
BRDA:1154,74,0,0
BRDA:1154,74,1,0
BRDA:1166,75,0,0
BRDA:1166,75,1,0
BRF:157
BRH:0
end_of_record
TN:
SF:src\pages\Orders.tsx
FN:38,Orders
FN:61,(anonymous_1)
FN:63,(anonymous_2)
FN:67,(anonymous_3)
FN:71,(anonymous_4)
FN:75,(anonymous_5)
FN:90,(anonymous_6)
FN:96,(anonymous_7)
FN:107,(anonymous_8)
FN:112,(anonymous_9)
FN:117,(anonymous_10)
FN:120,(anonymous_11)
FN:126,(anonymous_12)
FN:128,(anonymous_13)
FN:130,(anonymous_14)
FN:139,(anonymous_15)
FN:140,(anonymous_16)
FN:141,(anonymous_17)
FN:142,(anonymous_18)
FN:163,(anonymous_19)
FN:167,(anonymous_20)
FN:179,(anonymous_21)
FN:181,(anonymous_22)
FN:187,(anonymous_23)
FN:189,(anonymous_24)
FN:191,(anonymous_25)
FN:191,(anonymous_26)
FN:195,(anonymous_27)
FN:212,(anonymous_28)
FN:248,(anonymous_29)
FN:432,(anonymous_30)
FN:438,(anonymous_31)
FN:444,(anonymous_32)
FN:445,(anonymous_33)
FN:471,(anonymous_34)
FN:473,(anonymous_35)
FN:487,(anonymous_36)
FN:513,(anonymous_37)
FN:529,(anonymous_38)
FN:539,(anonymous_39)
FN:587,(anonymous_40)
FN:623,getStatusColor
FNF:42
FNH:0
FNDA:0,Orders
FNDA:0,(anonymous_1)
FNDA:0,(anonymous_2)
FNDA:0,(anonymous_3)
FNDA:0,(anonymous_4)
FNDA:0,(anonymous_5)
FNDA:0,(anonymous_6)
FNDA:0,(anonymous_7)
FNDA:0,(anonymous_8)
FNDA:0,(anonymous_9)
FNDA:0,(anonymous_10)
FNDA:0,(anonymous_11)
FNDA:0,(anonymous_12)
FNDA:0,(anonymous_13)
FNDA:0,(anonymous_14)
FNDA:0,(anonymous_15)
FNDA:0,(anonymous_16)
FNDA:0,(anonymous_17)
FNDA:0,(anonymous_18)
FNDA:0,(anonymous_19)
FNDA:0,(anonymous_20)
FNDA:0,(anonymous_21)
FNDA:0,(anonymous_22)
FNDA:0,(anonymous_23)
FNDA:0,(anonymous_24)
FNDA:0,(anonymous_25)
FNDA:0,(anonymous_26)
FNDA:0,(anonymous_27)
FNDA:0,(anonymous_28)
FNDA:0,(anonymous_29)
FNDA:0,(anonymous_30)
FNDA:0,(anonymous_31)
FNDA:0,(anonymous_32)
FNDA:0,(anonymous_33)
FNDA:0,(anonymous_34)
FNDA:0,(anonymous_35)
FNDA:0,(anonymous_36)
FNDA:0,(anonymous_37)
FNDA:0,(anonymous_38)
FNDA:0,(anonymous_39)
FNDA:0,(anonymous_40)
FNDA:0,getStatusColor
DA:1,0
DA:2,0
DA:3,0
DA:4,0
DA:18,0
DA:19,0
DA:20,0
DA:21,0
DA:22,0
DA:23,0
DA:24,0
DA:25,0
DA:27,0
DA:29,0
DA:38,0
DA:39,0
DA:40,0
DA:41,0
DA:42,0
DA:43,0
DA:44,0
DA:45,0
DA:46,0
DA:47,0
DA:57,0
DA:58,0
DA:59,0
DA:61,0
DA:63,0
DA:64,0
DA:67,0
DA:68,0
DA:71,0
DA:72,0
DA:75,0
DA:76,0
DA:77,0
DA:78,0
DA:79,0
DA:81,0
DA:82,0
DA:84,0
DA:86,0
DA:90,0
DA:91,0
DA:94,0
DA:95,0
DA:96,0
DA:97,0
DA:104,0
DA:106,0
DA:107,0
DA:109,0
DA:110,0
DA:111,0
DA:112,0
DA:116,0
DA:117,0
DA:119,0
DA:120,0
DA:124,0
DA:125,0
DA:126,0
DA:127,0
DA:128,0
DA:129,0
DA:130,0
DA:135,0
DA:136,0
DA:139,0
DA:140,0
DA:141,0
DA:142,0
DA:145,0
DA:148,0
DA:151,0
DA:153,0
DA:163,0
DA:164,0
DA:167,0
DA:168,0
DA:170,0
DA:171,0
DA:172,0
DA:174,0
DA:175,0
DA:179,0
DA:180,0
DA:181,0
DA:183,0
DA:187,0
DA:188,0
DA:189,0
DA:191,0
DA:195,0
DA:196,0
DA:197,0
DA:199,0
DA:200,0
DA:201,0
DA:203,0
DA:204,0
DA:205,0
DA:207,0
DA:208,0
DA:212,0
DA:213,0
DA:214,0
DA:216,0
DA:217,0
DA:218,0
DA:220,0
DA:221,0
DA:222,0
DA:224,0
DA:225,0
DA:229,0
DA:248,0
DA:432,0
DA:438,0
DA:444,0
DA:445,0
DA:471,0
DA:474,0
DA:475,0
DA:476,0
DA:487,0
DA:513,0
DA:530,0
DA:539,0
DA:587,0
DA:624,0
DA:631,0
LF:133
LH:0
BRDA:61,0,0,0
BRDA:61,0,1,0
BRDA:79,1,0,0
BRDA:79,1,1,0
BRDA:94,2,0,0
BRDA:94,2,1,0
BRDA:97,3,0,0
BRDA:97,3,1,0
BRDA:97,3,2,0
BRDA:104,4,0,0
BRDA:104,4,1,0
BRDA:106,5,0,0
BRDA:106,5,1,0
BRDA:109,6,0,0
BRDA:109,6,1,0
BRDA:116,7,0,0
BRDA:116,7,1,0
BRDA:119,8,0,0
BRDA:119,8,1,0
BRDA:124,9,0,0
BRDA:124,9,1,0
BRDA:125,10,0,0
BRDA:125,10,1,0
BRDA:126,11,0,0
BRDA:126,11,1,0
BRDA:127,12,0,0
BRDA:127,12,1,0
BRDA:128,13,0,0
BRDA:128,13,1,0
BRDA:129,14,0,0
BRDA:129,14,1,0
BRDA:130,15,0,0
BRDA:130,15,1,0
BRDA:140,16,0,0
BRDA:140,16,1,0
BRDA:141,17,0,0
BRDA:141,17,1,0
BRDA:142,18,0,0
BRDA:142,18,1,0
BRDA:148,19,0,0
BRDA:148,19,1,0
BRDA:168,20,0,0
BRDA:168,20,1,0
BRDA:180,21,0,0
BRDA:180,21,1,0
BRDA:188,22,0,0
BRDA:188,22,1,0
BRDA:196,23,0,0
BRDA:196,23,1,0
BRDA:197,24,0,0
BRDA:197,24,1,0
BRDA:213,25,0,0
BRDA:213,25,1,0
BRDA:214,26,0,0
BRDA:214,26,1,0
BRDA:246,27,0,0
BRDA:246,27,1,0
BRDA:266,28,0,0
BRDA:266,28,1,0
BRDA:327,29,0,0
BRDA:327,29,1,0
BRDA:328,30,0,0
BRDA:328,30,1,0
BRDA:333,31,0,0
BRDA:333,31,1,0
BRDA:337,32,0,0
BRDA:337,32,1,0
BRDA:344,33,0,0
BRDA:344,33,1,0
BRDA:354,34,0,0
BRDA:354,34,1,0
BRDA:356,35,0,0
BRDA:356,35,1,0
BRDA:376,36,0,0
BRDA:376,36,1,0
BRDA:392,37,0,0
BRDA:392,37,1,0
BRDA:393,38,0,0
BRDA:393,38,1,0
BRDA:398,39,0,0
BRDA:398,39,1,0
BRDA:402,40,0,0
BRDA:402,40,1,0
BRDA:405,41,0,0
BRDA:405,41,1,0
BRDA:415,42,0,0
BRDA:415,42,1,0
BRDA:417,43,0,0
BRDA:417,43,1,0
BRDA:452,44,0,0
BRDA:452,44,1,0
BRDA:474,45,0,0
BRDA:474,45,1,0
BRDA:499,46,0,0
BRDA:499,46,1,0
BRDA:504,47,0,0
BRDA:504,47,1,0
BRDA:532,48,0,0
BRDA:532,48,1,0
BRDA:533,49,0,0
BRDA:533,49,1,0
BRDA:545,50,0,0
BRDA:545,50,1,0
BRDA:557,51,0,0
BRDA:557,51,1,0
BRDA:558,52,0,0
BRDA:558,52,1,0
BRDA:569,53,0,0
BRDA:569,53,1,0
BRDA:631,54,0,0
BRDA:631,54,1,0
BRF:111
BRH:0
end_of_record
TN:
SF:src\pages\Reports.tsx
FN:22,Reports
FN:28,(anonymous_1)
FN:48,(anonymous_2)
FN:52,(anonymous_3)
FN:64,(anonymous_4)
FN:68,(anonymous_5)
FN:77,(anonymous_6)
FN:83,(anonymous_7)
FN:119,(anonymous_8)
FN:125,(anonymous_9)
FN:141,(anonymous_10)
FN:147,(anonymous_11)
FN:315,(anonymous_12)
FN:342,(anonymous_13)
FN:384,(anonymous_14)
FNF:15
FNH:0
FNDA:0,Reports
FNDA:0,(anonymous_1)
FNDA:0,(anonymous_2)
FNDA:0,(anonymous_3)
FNDA:0,(anonymous_4)
FNDA:0,(anonymous_5)
FNDA:0,(anonymous_6)
FNDA:0,(anonymous_7)
FNDA:0,(anonymous_8)
FNDA:0,(anonymous_9)
FNDA:0,(anonymous_10)
FNDA:0,(anonymous_11)
FNDA:0,(anonymous_12)
FNDA:0,(anonymous_13)
FNDA:0,(anonymous_14)
DA:1,0
DA:2,0
DA:3,0
DA:15,0
DA:16,0
DA:17,0
DA:18,0
DA:19,0
DA:20,0
DA:22,0
DA:23,0
DA:24,0
DA:25,0
DA:26,0
DA:28,0
DA:29,0
DA:30,0
DA:33,0
DA:48,0
DA:49,0
DA:52,0
DA:53,0
DA:54,0
DA:55,0
DA:56,0
DA:58,0
DA:60,0
DA:64,0
DA:65,0
DA:67,0
DA:68,0
DA:70,0
DA:71,0
DA:72,0
DA:73,0
DA:75,0
DA:76,0
DA:77,0
DA:78,0
DA:81,0
DA:82,0
DA:83,0
DA:84,0
DA:87,0
DA:88,0
DA:89,0
DA:90,0
DA:91,0
DA:94,0
DA:119,0
DA:125,0
DA:141,0
DA:147,0
DA:316,0
DA:343,0
DA:385,0
LF:56
LH:0
BRDA:65,0,0,0
BRDA:65,0,1,0
BRDA:110,1,0,0
BRDA:110,1,1,0
BRDA:151,2,0,0
BRDA:151,2,1,0
BRDA:157,3,0,0
BRDA:157,3,1,0
BRDA:170,4,0,0
BRDA:170,4,1,0
BRDA:215,5,0,0
BRDA:215,5,1,0
BRDA:247,6,0,0
BRDA:247,6,1,0
BRDA:248,7,0,0
BRDA:248,7,1,0
BRDA:253,8,0,0
BRDA:253,8,1,0
BRDA:257,9,0,0
BRDA:257,9,1,0
BRDA:264,10,0,0
BRDA:264,10,1,0
BRDA:273,11,0,0
BRDA:273,11,1,0
BRDA:283,12,0,0
BRDA:283,12,1,0
BRDA:284,13,0,0
BRDA:284,13,1,0
BRDA:289,14,0,0
BRDA:289,14,1,0
BRDA:293,15,0,0
BRDA:293,15,1,0
BRDA:296,16,0,0
BRDA:296,16,1,0
BRDA:302,17,0,0
BRDA:302,17,1,0
BRDA:305,18,0,0
BRDA:305,18,1,0
BRDA:312,19,0,0
BRDA:312,19,1,0
BRDA:312,19,2,0
BRDA:327,20,0,0
BRDA:327,20,1,0
BRDA:327,21,0,0
BRDA:327,21,1,0
BRDA:351,22,0,0
BRDA:351,22,1,0
BRDA:353,23,0,0
BRDA:353,23,1,0
BRDA:353,24,0,0
BRDA:353,24,1,0
BRDA:354,25,0,0
BRDA:354,25,1,0
BRDA:371,26,0,0
BRDA:371,26,1,0
BRDA:371,27,0,0
BRDA:371,27,1,0
BRF:57
BRH:0
end_of_record
TN:
SF:src\pages\Routes.tsx
FN:12,Routes
FN:29,(anonymous_1)
FN:33,(anonymous_2)
FN:46,(anonymous_3)
FN:60,(anonymous_4)
FN:74,(anonymous_5)
FN:76,(anonymous_6)
FN:79,(anonymous_7)
FN:105,(anonymous_8)
FN:119,(anonymous_9)
FN:195,(anonymous_10)
FN:211,(anonymous_11)
FN:220,(anonymous_12)
FN:257,(anonymous_13)
FN:265,(anonymous_14)
FN:275,(anonymous_15)
FN:280,(anonymous_16)
FNF:17
FNH:0
FNDA:0,Routes
FNDA:0,(anonymous_1)
FNDA:0,(anonymous_2)
FNDA:0,(anonymous_3)
FNDA:0,(anonymous_4)
FNDA:0,(anonymous_5)
FNDA:0,(anonymous_6)
FNDA:0,(anonymous_7)
FNDA:0,(anonymous_8)
FNDA:0,(anonymous_9)
FNDA:0,(anonymous_10)
FNDA:0,(anonymous_11)
FNDA:0,(anonymous_12)
FNDA:0,(anonymous_13)
FNDA:0,(anonymous_14)
FNDA:0,(anonymous_15)
FNDA:0,(anonymous_16)
DA:1,0
DA:2,0
DA:3,0
DA:4,0
DA:5,0
DA:6,0
DA:7,0
DA:8,0
DA:9,0
DA:10,0
DA:12,0
DA:13,0
DA:14,0
DA:15,0
DA:16,0
DA:17,0
DA:19,0
DA:29,0
DA:30,0
DA:33,0
DA:34,0
DA:35,0
DA:36,0
DA:37,0
DA:39,0
DA:40,0
DA:42,0
DA:46,0
DA:47,0
DA:48,0
DA:57,0
DA:60,0
DA:61,0
DA:62,0
DA:71,0
DA:74,0
DA:75,0
DA:76,0
DA:79,0
DA:80,0
DA:81,0
DA:82,0
DA:85,0
DA:86,0
DA:96,0
DA:97,0
DA:98,0
DA:100,0
DA:101,0
DA:105,0
DA:106,0
DA:108,0
DA:109,0
DA:110,0
DA:111,0
DA:113,0
DA:114,0
DA:119,0
DA:120,0
DA:121,0
DA:122,0
DA:125,0
DA:196,0
DA:211,0
DA:220,0
DA:257,0
DA:265,0
DA:275,0
DA:280,0
LF:69
LH:0
BRDA:69,0,0,0
BRDA:69,0,1,0
BRDA:80,1,0,0
BRDA:80,1,1,0
BRDA:80,2,0,0
BRDA:80,2,1,0
BRDA:89,3,0,0
BRDA:89,3,1,0
BRDA:90,4,0,0
BRDA:90,4,1,0
BRDA:91,5,0,0
BRDA:91,5,1,0
BRDA:92,6,0,0
BRDA:92,6,1,0
BRDA:106,7,0,0
BRDA:106,7,1,0
BRDA:174,8,0,0
BRDA:174,8,1,0
BRDA:179,9,0,0
BRDA:179,9,1,0
BRDA:245,10,0,0
BRDA:245,10,1,0
BRDA:276,11,0,0
BRDA:276,11,1,0
BRDA:354,12,0,0
BRDA:354,12,1,0
BRDA:354,13,0,0
BRDA:354,13,1,0
BRF:28
BRH:0
end_of_record
TN:
SF:src\pages\Settings.tsx
FN:18,Settings
FN:38,(anonymous_1)
FN:42,(anonymous_2)
FN:77,(anonymous_3)
FN:100,(anonymous_4)
FN:128,(anonymous_5)
FN:190,(anonymous_6)
FN:210,(anonymous_7)
FN:248,(anonymous_8)
FN:265,(anonymous_9)
FN:335,(anonymous_10)
FNF:11
FNH:0
FNDA:0,Settings
FNDA:0,(anonymous_1)
FNDA:0,(anonymous_2)
FNDA:0,(anonymous_3)
FNDA:0,(anonymous_4)
FNDA:0,(anonymous_5)
FNDA:0,(anonymous_6)
FNDA:0,(anonymous_7)
FNDA:0,(anonymous_8)
FNDA:0,(anonymous_9)
FNDA:0,(anonymous_10)
DA:1,0
DA:2,0
DA:3,0
DA:11,0
DA:12,0
DA:13,0
DA:14,0
DA:18,0
DA:19,0
DA:20,0
DA:21,0
DA:22,0
DA:24,0
DA:25,0
DA:27,0
DA:38,0
DA:39,0
DA:42,0
DA:43,0
DA:44,0
DA:45,0
DA:46,0
DA:48,0
DA:49,0
DA:50,0
DA:51,0
DA:53,0
DA:56,0
DA:67,0
DA:70,0
DA:71,0
DA:73,0
DA:77,0
DA:78,0
DA:81,0
DA:82,0
DA:88,0
DA:89,0
DA:97,0
DA:100,0
DA:101,0
DA:102,0
DA:103,0
DA:106,0
DA:107,0
DA:110,0
DA:116,0
DA:117,0
DA:119,0
DA:121,0
DA:122,0
DA:124,0
DA:128,0
DA:130,0
DA:131,0
DA:132,0
DA:135,0
DA:136,0
DA:139,0
DA:145,0
DA:147,0
DA:148,0
DA:150,0
DA:151,0
DA:153,0
DA:156,0
DA:158,0
DA:162,0
DA:163,0
DA:170,0
DA:190,0
DA:210,0
DA:248,0
DA:265,0
DA:336,0
DA:337,0
LF:76
LH:0
BRDA:46,0,0,0
BRDA:46,0,1,0
BRDA:46,1,0,0
BRDA:46,1,1,0
BRDA:48,2,0,0
BRDA:48,2,1,0
BRDA:50,3,0,0
BRDA:50,3,1,0
BRDA:57,4,0,0
BRDA:57,4,1,0
BRDA:58,5,0,0
BRDA:58,5,1,0
BRDA:60,6,0,0
BRDA:60,6,1,0
BRDA:61,7,0,0
BRDA:61,7,1,0
BRDA:62,8,0,0
BRDA:62,8,1,0
BRDA:63,9,0,0
BRDA:63,9,1,0
BRDA:81,10,0,0
BRDA:81,10,1,0
BRDA:88,11,0,0
BRDA:88,11,1,0
BRDA:101,12,0,0
BRDA:101,12,1,0
BRDA:101,13,0,0
BRDA:101,13,1,0
BRDA:112,14,0,0
BRDA:112,14,1,0
BRDA:130,15,0,0
BRDA:130,15,1,0
BRDA:130,16,0,0
BRDA:130,16,1,0
BRDA:141,17,0,0
BRDA:141,17,1,0
BRDA:150,18,0,0
BRDA:150,18,1,0
BRDA:162,19,0,0
BRDA:162,19,1,0
BRDA:185,20,0,0
BRDA:185,20,1,0
BRDA:232,21,0,0
BRDA:232,21,1,0
BRDA:232,21,2,0
BRDA:235,22,0,0
BRDA:235,22,1,0
BRDA:249,23,0,0
BRDA:249,23,1,0
BRDA:271,24,0,0
BRDA:271,24,1,0
BRDA:297,25,0,0
BRDA:297,25,1,0
BRDA:297,25,2,0
BRDA:301,26,0,0
BRDA:301,26,1,0
BRDA:319,27,0,0
BRDA:319,27,1,0
BRDA:346,28,0,0
BRDA:346,28,1,0
BRF:60
BRH:0
end_of_record
TN:
SF:src\pages\Trailers.tsx
FN:40,Trailers
FN:58,(anonymous_1)
FN:62,(anonymous_2)
FN:75,(anonymous_3)
FN:104,(anonymous_4)
FN:109,(anonymous_5)
FN:152,(anonymous_6)
FN:165,(anonymous_7)
FN:175,(anonymous_8)
FN:185,(anonymous_9)
FN:224,(anonymous_10)
FN:234,(anonymous_11)
FN:326,(anonymous_12)
FN:335,(anonymous_13)
FN:385,(anonymous_14)
FN:392,(anonymous_15)
FN:404,(anonymous_16)
FN:411,(anonymous_17)
FN:418,(anonymous_18)
FN:427,(anonymous_19)
FN:434,(anonymous_20)
FN:441,(anonymous_21)
FNF:22
FNH:0
FNDA:0,Trailers
FNDA:0,(anonymous_1)
FNDA:0,(anonymous_2)
FNDA:0,(anonymous_3)
FNDA:0,(anonymous_4)
FNDA:0,(anonymous_5)
FNDA:0,(anonymous_6)
FNDA:0,(anonymous_7)
FNDA:0,(anonymous_8)
FNDA:0,(anonymous_9)
FNDA:0,(anonymous_10)
FNDA:0,(anonymous_11)
FNDA:0,(anonymous_12)
FNDA:0,(anonymous_13)
FNDA:0,(anonymous_14)
FNDA:0,(anonymous_15)
FNDA:0,(anonymous_16)
FNDA:0,(anonymous_17)
FNDA:0,(anonymous_18)
FNDA:0,(anonymous_19)
FNDA:0,(anonymous_20)
FNDA:0,(anonymous_21)
DA:1,0
DA:2,0
DA:3,0
DA:5,0
DA:6,0
DA:7,0
DA:8,0
DA:9,0
DA:10,0
DA:11,0
DA:13,0
DA:20,0
DA:40,0
DA:41,0
DA:42,0
DA:43,0
DA:44,0
DA:45,0
DA:47,0
DA:58,0
DA:59,0
DA:62,0
DA:63,0
DA:64,0
DA:65,0
DA:66,0
DA:68,0
DA:69,0
DA:71,0
DA:75,0
DA:76,0
DA:77,0
DA:78,0
DA:89,0
DA:90,0
DA:101,0
DA:104,0
DA:105,0
DA:106,0
DA:109,0
DA:110,0
DA:112,0
DA:113,0
DA:114,0
DA:117,0
DA:118,0
DA:119,0
DA:129,0
DA:131,0
DA:141,0
DA:144,0
DA:145,0
DA:147,0
DA:148,0
DA:152,0
DA:153,0
DA:155,0
DA:156,0
DA:157,0
DA:158,0
DA:160,0
DA:161,0
DA:165,0
DA:166,0
DA:172,0
DA:175,0
DA:176,0
DA:182,0
DA:185,0
DA:186,0
DA:187,0
DA:190,0
DA:191,0
DA:207,0
DA:224,0
DA:235,0
DA:237,0
DA:326,0
DA:335,0
DA:385,0
DA:392,0
DA:404,0
DA:411,0
DA:418,0
DA:427,0
DA:434,0
DA:441,0
LF:87
LH:0
BRDA:76,0,0,0
BRDA:76,0,1,0
BRDA:84,1,0,0
BRDA:84,1,1,0
BRDA:86,2,0,0
BRDA:86,2,1,0
BRDA:112,3,0,0
BRDA:112,3,1,0
BRDA:112,4,0,0
BRDA:112,4,1,0
BRDA:118,5,0,0
BRDA:118,5,1,0
BRDA:122,6,0,0
BRDA:122,6,1,0
BRDA:124,7,0,0
BRDA:124,7,1,0
BRDA:134,8,0,0
BRDA:134,8,1,0
BRDA:136,9,0,0
BRDA:136,9,1,0
BRDA:153,10,0,0
BRDA:153,10,1,0
BRDA:172,11,0,0
BRDA:172,11,1,0
BRDA:182,12,0,0
BRDA:182,12,1,0
BRDA:186,13,0,0
BRDA:186,13,1,0
BRDA:190,14,0,0
BRDA:190,14,1,0
BRDA:232,15,0,0
BRDA:232,15,1,0
BRDA:299,16,0,0
BRDA:299,16,1,0
BRDA:309,17,0,0
BRDA:309,17,1,0
BRDA:368,18,0,0
BRDA:368,18,1,0
BRDA:375,19,0,0
BRDA:375,19,1,0
BRF:40
BRH:0
end_of_record
TN:
SF:src\pages\TrailersPro.tsx
FN:43,TrailersPro
FN:77,(anonymous_1)
FN:81,(anonymous_2)
FN:93,(anonymous_3)
FN:95,(anonymous_4)
FN:98,(anonymous_5)
FN:100,(anonymous_6)
FN:117,(anonymous_7)
FN:126,(anonymous_8)
FN:130,(anonymous_9)
FN:164,(anonymous_10)
FN:202,(anonymous_11)
FN:217,(anonymous_12)
FN:226,(anonymous_13)
FN:238,(anonymous_14)
FN:244,(anonymous_15)
FN:260,(anonymous_16)
FN:268,(anonymous_17)
FN:282,(anonymous_18)
FN:297,(anonymous_19)
FN:306,(anonymous_20)
FN:311,(anonymous_21)
FN:389,(anonymous_22)
FN:400,(anonymous_23)
FN:411,(anonymous_24)
FN:424,(anonymous_25)
FN:454,(anonymous_26)
FN:568,(anonymous_27)
FN:578,(anonymous_28)
FN:588,(anonymous_29)
FN:619,(anonymous_30)
FN:624,(anonymous_31)
FN:731,(anonymous_32)
FN:736,(anonymous_33)
FN:918,(anonymous_34)
FN:933,(anonymous_35)
FNF:36
FNH:0
FNDA:0,TrailersPro
FNDA:0,(anonymous_1)
FNDA:0,(anonymous_2)
FNDA:0,(anonymous_3)
FNDA:0,(anonymous_4)
FNDA:0,(anonymous_5)
FNDA:0,(anonymous_6)
FNDA:0,(anonymous_7)
FNDA:0,(anonymous_8)
FNDA:0,(anonymous_9)
FNDA:0,(anonymous_10)
FNDA:0,(anonymous_11)
FNDA:0,(anonymous_12)
FNDA:0,(anonymous_13)
FNDA:0,(anonymous_14)
FNDA:0,(anonymous_15)
FNDA:0,(anonymous_16)
FNDA:0,(anonymous_17)
FNDA:0,(anonymous_18)
FNDA:0,(anonymous_19)
FNDA:0,(anonymous_20)
FNDA:0,(anonymous_21)
FNDA:0,(anonymous_22)
FNDA:0,(anonymous_23)
FNDA:0,(anonymous_24)
FNDA:0,(anonymous_25)
FNDA:0,(anonymous_26)
FNDA:0,(anonymous_27)
FNDA:0,(anonymous_28)
FNDA:0,(anonymous_29)
FNDA:0,(anonymous_30)
FNDA:0,(anonymous_31)
FNDA:0,(anonymous_32)
FNDA:0,(anonymous_33)
FNDA:0,(anonymous_34)
FNDA:0,(anonymous_35)
DA:1,0
DA:2,0
DA:3,0
DA:20,0
DA:21,0
DA:22,0
DA:23,0
DA:24,0
DA:25,0
DA:28,0
DA:35,0
DA:43,0
DA:44,0
DA:45,0
DA:46,0
DA:47,0
DA:48,0
DA:49,0
DA:50,0
DA:51,0
DA:53,0
DA:65,0
DA:77,0
DA:78,0
DA:81,0
DA:82,0
DA:83,0
DA:84,0
DA:85,0
DA:87,0
DA:89,0
DA:93,0
DA:94,0
DA:95,0
DA:98,0
DA:99,0
DA:100,0
DA:103,0
DA:104,0
DA:105,0
DA:106,0
DA:117,0
DA:118,0
DA:119,0
DA:120,0
DA:122,0
DA:126,0
DA:127,0
DA:130,0
DA:131,0
DA:132,0
DA:133,0
DA:136,0
DA:137,0
DA:149,0
DA:150,0
DA:152,0
DA:155,0
DA:156,0
DA:157,0
DA:159,0
DA:160,0
DA:164,0
DA:165,0
DA:166,0
DA:167,0
DA:170,0
DA:171,0
DA:172,0
DA:176,0
DA:177,0
DA:191,0
DA:192,0
DA:195,0
DA:197,0
DA:198,0
DA:202,0
DA:203,0
DA:205,0
DA:206,0
DA:207,0
DA:208,0
DA:209,0
DA:212,0
DA:213,0
DA:217,0
DA:218,0
DA:219,0
DA:220,0
DA:222,0
DA:226,0
DA:227,0
DA:229,0
DA:230,0
DA:231,0
DA:233,0
DA:234,0
DA:238,0
DA:239,0
DA:240,0
DA:241,0
DA:244,0
DA:245,0
DA:246,0
DA:257,0
DA:260,0
DA:261,0
DA:262,0
DA:263,0
DA:264,0
DA:265,0
DA:268,0
DA:269,0
DA:282,0
DA:283,0
DA:294,0
DA:297,0
DA:298,0
DA:299,0
DA:300,0
DA:301,0
DA:302,0
DA:306,0
DA:307,0
DA:308,0
DA:311,0
DA:312,0
DA:313,0
DA:316,0
DA:389,0
DA:400,0
DA:411,0
DA:425,0
DA:426,0
DA:427,0
DA:429,0
DA:454,0
DA:568,0
DA:578,0
DA:588,0
DA:619,0
DA:624,0
DA:731,0
DA:736,0
DA:919,0
DA:933,0
LF:146
LH:0
BRDA:103,0,0,0
BRDA:103,0,1,0
BRDA:103,1,0,0
BRDA:103,1,1,0
BRDA:105,2,0,0
BRDA:105,2,1,0
BRDA:105,3,0,0
BRDA:105,3,1,0
BRDA:105,3,2,0
BRDA:105,3,3,0
BRDA:131,4,0,0
BRDA:131,4,1,0
BRDA:131,5,0,0
BRDA:131,5,1,0
BRDA:131,5,2,0
BRDA:131,5,3,0
BRDA:131,5,4,0
BRDA:149,6,0,0
BRDA:149,6,1,0
BRDA:165,7,0,0
BRDA:165,7,1,0
BRDA:165,8,0,0
BRDA:165,8,1,0
BRDA:165,8,2,0
BRDA:165,8,3,0
BRDA:170,9,0,0
BRDA:170,9,1,0
BRDA:171,10,0,0
BRDA:171,10,1,0
BRDA:184,11,0,0
BRDA:184,11,1,0
BRDA:203,12,0,0
BRDA:203,12,1,0
BRDA:208,13,0,0
BRDA:208,13,1,0
BRDA:227,14,0,0
BRDA:227,14,1,0
BRDA:248,15,0,0
BRDA:248,15,1,0
BRDA:249,16,0,0
BRDA:249,16,1,0
BRDA:250,17,0,0
BRDA:250,17,1,0
BRDA:251,18,0,0
BRDA:251,18,1,0
BRDA:252,19,0,0
BRDA:252,19,1,0
BRDA:253,20,0,0
BRDA:253,20,1,0
BRDA:254,21,0,0
BRDA:254,21,1,0
BRDA:255,22,0,0
BRDA:255,22,1,0
BRDA:298,23,0,0
BRDA:298,23,1,0
BRDA:298,23,2,0
BRDA:298,23,3,0
BRDA:307,24,0,0
BRDA:307,24,1,0
BRDA:312,25,0,0
BRDA:312,25,1,0
BRDA:417,26,0,0
BRDA:417,26,1,0
BRDA:422,27,0,0
BRDA:422,27,1,0
BRDA:454,28,0,0
BRDA:454,28,1,0
BRDA:495,29,0,0
BRDA:495,29,1,0
BRDA:496,30,0,0
BRDA:496,30,1,0
BRDA:502,31,0,0
BRDA:502,31,1,0
BRDA:503,32,0,0
BRDA:503,32,1,0
BRDA:527,33,0,0
BRDA:527,33,1,0
BRDA:528,34,0,0
BRDA:528,34,1,0
BRDA:534,35,0,0
BRDA:534,35,1,0
BRDA:535,36,0,0
BRDA:535,36,1,0
BRDA:540,37,0,0
BRDA:540,37,1,0
BRDA:540,37,2,0
BRDA:542,38,0,0
BRDA:542,38,1,0
BRDA:551,39,0,0
BRDA:551,39,1,0
BRDA:620,40,0,0
BRDA:620,40,1,0
BRDA:626,41,0,0
BRDA:626,41,1,0
BRDA:672,42,0,0
BRDA:672,42,1,0
BRDA:672,42,2,0
BRDA:672,42,3,0
BRDA:737,43,0,0
BRDA:737,43,1,0
BRDA:738,44,0,0
BRDA:738,44,1,0
BRDA:745,45,0,0
BRDA:745,45,1,0
BRDA:826,46,0,0
BRDA:826,46,1,0
BRDA:826,46,2,0
BRDA:826,46,3,0
BRDA:846,47,0,0
BRDA:846,47,1,0
BRDA:854,48,0,0
BRDA:854,48,1,0
BRDA:855,49,0,0
BRDA:855,49,1,0
BRDA:859,50,0,0
BRDA:859,50,1,0
BRDA:865,51,0,0
BRDA:865,51,1,0
BRDA:866,52,0,0
BRDA:866,52,1,0
BRDA:870,53,0,0
BRDA:870,53,1,0
BRDA:873,54,0,0
BRDA:873,54,1,0
BRDA:911,55,0,0
BRDA:911,55,1,0
BRDA:926,56,0,0
BRDA:926,56,1,0
BRF:128
BRH:0
end_of_record
TN:
SF:src\pages\VehiclesProfessional.tsx
FN:10,VehiclesProfessional
FN:46,(anonymous_1)
FN:50,(anonymous_2)
FN:62,(anonymous_3)
FN:90,(anonymous_4)
FN:118,(anonymous_5)
FN:120,(anonymous_6)
FN:123,(anonymous_7)
FN:162,(anonymous_8)
FN:239,(anonymous_9)
FN:258,(anonymous_10)
FN:322,(anonymous_11)
FN:327,(anonymous_12)
FNF:13
FNH:0
FNDA:0,VehiclesProfessional
FNDA:0,(anonymous_1)
FNDA:0,(anonymous_2)
FNDA:0,(anonymous_3)
FNDA:0,(anonymous_4)
FNDA:0,(anonymous_5)
FNDA:0,(anonymous_6)
FNDA:0,(anonymous_7)
FNDA:0,(anonymous_8)
FNDA:0,(anonymous_9)
FNDA:0,(anonymous_10)
FNDA:0,(anonymous_11)
FNDA:0,(anonymous_12)
DA:1,0
DA:2,0
DA:3,0
DA:4,0
DA:5,0
DA:6,0
DA:7,0
DA:8,0
DA:10,0
DA:11,0
DA:12,0
DA:13,0
DA:14,0
DA:16,0
DA:46,0
DA:47,0
DA:50,0
DA:51,0
DA:52,0
DA:53,0
DA:54,0
DA:56,0
DA:58,0
DA:62,0
DA:63,0
DA:64,0
DA:87,0
DA:90,0
DA:91,0
DA:92,0
DA:115,0
DA:118,0
DA:119,0
DA:120,0
DA:123,0
DA:124,0
DA:125,0
DA:126,0
DA:129,0
DA:130,0
DA:154,0
DA:155,0
DA:157,0
DA:158,0
DA:162,0
DA:163,0
DA:164,0
DA:165,0
DA:167,0
DA:172,0
DA:173,0
DA:174,0
DA:175,0
DA:177,0
DA:180,0
DA:240,0
DA:258,0
DA:322,0
DA:327,0
LF:59
LH:0
BRDA:66,0,0,0
BRDA:66,0,1,0
BRDA:67,1,0,0
BRDA:67,1,1,0
BRDA:68,2,0,0
BRDA:68,2,1,0
BRDA:69,3,0,0
BRDA:69,3,1,0
BRDA:70,4,0,0
BRDA:70,4,1,0
BRDA:71,5,0,0
BRDA:71,5,1,0
BRDA:72,6,0,0
BRDA:72,6,1,0
BRDA:73,7,0,0
BRDA:73,7,1,0
BRDA:74,8,0,0
BRDA:74,8,1,0
BRDA:75,9,0,0
BRDA:75,9,1,0
BRDA:76,10,0,0
BRDA:76,10,1,0
BRDA:77,11,0,0
BRDA:77,11,1,0
BRDA:78,12,0,0
BRDA:78,12,1,0
BRDA:79,13,0,0
BRDA:79,13,1,0
BRDA:80,14,0,0
BRDA:80,14,1,0
BRDA:81,15,0,0
BRDA:81,15,1,0
BRDA:82,16,0,0
BRDA:82,16,1,0
BRDA:83,17,0,0
BRDA:83,17,1,0
BRDA:84,18,0,0
BRDA:84,18,1,0
BRDA:85,19,0,0
BRDA:85,19,1,0
BRDA:124,20,0,0
BRDA:124,20,1,0
BRDA:163,21,0,0
BRDA:163,21,1,0
BRDA:163,22,0,0
BRDA:163,22,1,0
BRDA:164,23,0,0
BRDA:164,23,1,0
BRDA:164,24,0,0
BRDA:164,24,1,0
BRDA:165,25,0,0
BRDA:165,25,1,0
BRDA:165,26,0,0
BRDA:165,26,1,0
BRDA:167,27,0,0
BRDA:167,27,1,0
BRDA:167,28,0,0
BRDA:167,28,1,0
BRDA:168,29,0,0
BRDA:168,29,1,0
BRDA:168,30,0,0
BRDA:168,30,1,0
BRDA:169,31,0,0
BRDA:169,31,1,0
BRDA:169,32,0,0
BRDA:169,32,1,0
BRDA:172,33,0,0
BRDA:172,33,1,0
BRDA:173,34,0,0
BRDA:173,34,1,0
BRDA:174,35,0,0
BRDA:174,35,1,0
BRDA:175,36,0,0
BRDA:175,36,1,0
BRDA:232,37,0,0
BRDA:232,37,1,0
BRDA:237,38,0,0
BRDA:237,38,1,0
BRDA:271,39,0,0
BRDA:271,39,1,0
BRDA:271,40,0,0
BRDA:271,40,1,0
BRDA:277,41,0,0
BRDA:277,41,1,0
BRDA:277,42,0,0
BRDA:277,42,1,0
BRDA:283,43,0,0
BRDA:283,43,1,0
BRDA:283,44,0,0
BRDA:283,44,1,0
BRDA:288,45,0,0
BRDA:288,45,1,0
BRDA:292,46,0,0
BRDA:292,46,1,0
BRDA:298,47,0,0
BRDA:298,47,1,0
BRDA:298,48,0,0
BRDA:298,48,1,0
BRDA:299,49,0,0
BRDA:299,49,1,0
BRDA:299,50,0,0
BRDA:299,50,1,0
BRDA:323,51,0,0
BRDA:323,51,1,0
BRF:104
BRH:0
end_of_record
TN:
SF:src\utils\excelExport.ts
FN:3,exportOrdersToExcel
FN:5,(anonymous_1)
FN:53,(anonymous_2)
FN:54,(anonymous_3)
FN:55,(anonymous_4)
FN:65,exportReportToExcel
FN:81,(anonymous_6)
FN:95,(anonymous_7)
FNF:8
FNH:0
FNDA:0,exportOrdersToExcel
FNDA:0,(anonymous_1)
FNDA:0,(anonymous_2)
FNDA:0,(anonymous_3)
FNDA:0,(anonymous_4)
FNDA:0,exportReportToExcel
FNDA:0,(anonymous_6)
FNDA:0,(anonymous_7)
DA:1,0
DA:3,0
DA:5,0
DA:24,0
DA:27,0
DA:44,0
DA:47,0
DA:48,0
DA:51,0
DA:53,0
DA:54,0
DA:55,0
DA:57,0
DA:58,0
DA:61,0
DA:62,0
DA:65,0
DA:66,0
DA:69,0
DA:76,0
DA:77,0
DA:80,0
DA:81,0
DA:89,0
DA:90,0
DA:94,0
DA:95,0
DA:101,0
DA:102,0
DA:106,0
LF:30
LH:0
BRDA:3,0,0,0
BRDA:12,1,0,0
BRDA:12,1,1,0
BRDA:13,2,0,0
BRDA:13,2,1,0
BRDA:14,3,0,0
BRDA:14,3,1,0
BRDA:14,4,0,0
BRDA:14,4,1,0
BRDA:15,5,0,0
BRDA:15,5,1,0
BRDA:17,6,0,0
BRDA:17,6,1,0
BRDA:18,7,0,0
BRDA:18,7,1,0
BRDA:53,8,0,0
BRDA:53,8,1,0
BRDA:54,9,0,0
BRDA:54,9,1,0
BRDA:55,10,0,0
BRDA:55,10,1,0
BRDA:72,11,0,0
BRDA:72,11,1,0
BRDA:80,12,0,0
BRDA:80,12,1,0
BRDA:80,13,0,0
BRDA:80,13,1,0
BRDA:85,14,0,0
BRDA:85,14,1,0
BRDA:86,15,0,0
BRDA:86,15,1,0
BRDA:94,16,0,0
BRDA:94,16,1,0
BRDA:94,17,0,0
BRDA:94,17,1,0
BRF:35
BRH:0
end_of_record
TN:
SF:src\utils\formatters.ts
FN:1,formatCurrency
FN:8,formatDate
FN:19,formatShortDate
FN:28,formatNumber
FNF:4
FNH:0
FNDA:0,formatCurrency
FNDA:0,formatDate
FNDA:0,formatShortDate
FNDA:0,formatNumber
DA:1,0
DA:2,0
DA:8,0
DA:9,0
DA:10,0
DA:19,0
DA:20,0
DA:21,0
DA:28,0
DA:29,0
LF:10
LH:0
BRF:0
BRH:0
end_of_record
TN:
SF:src\utils\pdfExport.ts
FN:8,sanitizeText
FN:29,formatCurrencyForPDF
FN:39,generateOrderPDF
FN:182,exportOrderToPDF
FN:190,generateCustomerOrderPDF
FN:289,generateOrderPDFForEmail
FN:310,exportReportToPDF
FN:347,(anonymous_7)
FN:370,(anonymous_8)
FN:385,(anonymous_9)
FNF:10
FNH:0
FNDA:0,sanitizeText
FNDA:0,formatCurrencyForPDF
FNDA:0,generateOrderPDF
FNDA:0,exportOrderToPDF
FNDA:0,generateCustomerOrderPDF
FNDA:0,generateOrderPDFForEmail
FNDA:0,exportReportToPDF
FNDA:0,(anonymous_7)
FNDA:0,(anonymous_8)
FNDA:0,(anonymous_9)
DA:1,0
DA:2,0
DA:3,0
DA:9,0
DA:10,0
DA:30,0
DA:40,0
DA:43,0
DA:46,0
DA:47,0
DA:49,0
DA:50,0
DA:52,0
DA:53,0
DA:54,0
DA:57,0
DA:58,0
DA:60,0
DA:76,0
DA:77,0
DA:79,0
DA:85,0
DA:86,0
DA:89,0
DA:91,0
DA:92,0
DA:95,0
DA:105,0
DA:106,0
DA:108,0
DA:112,0
DA:113,0
DA:120,0
DA:121,0
DA:122,0
DA:124,0
DA:134,0
DA:135,0
DA:136,0
DA:137,0
DA:138,0
DA:139,0
DA:140,0
DA:146,0
DA:149,0
DA:150,0
DA:151,0
DA:152,0
DA:154,0
DA:171,0
DA:172,0
DA:173,0
DA:174,0
DA:176,0
DA:182,0
DA:183,0
DA:184,0
DA:191,0
DA:194,0
DA:195,0
DA:197,0
DA:198,0
DA:200,0
DA:201,0
DA:202,0
DA:205,0
DA:206,0
DA:208,0
DA:223,0
DA:224,0
DA:226,0
DA:232,0
DA:233,0
DA:236,0
DA:238,0
DA:239,0
DA:242,0
DA:251,0
DA:252,0
DA:254,0
DA:265,0
DA:266,0
DA:267,0
DA:268,0
DA:269,0
DA:270,0
DA:271,0
DA:272,0
DA:275,0
DA:276,0
DA:277,0
DA:278,0
DA:279,0
DA:281,0
DA:289,0
DA:290,0
DA:291,0
DA:294,0
DA:295,0
DA:298,0
DA:299,0
DA:302,0
DA:307,0
DA:310,0
DA:311,0
DA:312,0
DA:315,0
DA:316,0
DA:318,0
DA:319,0
DA:322,0
DA:323,0
DA:325,0
DA:340,0
DA:341,0
DA:342,0
DA:344,0
DA:347,0
DA:360,0
DA:361,0
DA:364,0
DA:365,0
DA:366,0
DA:367,0
DA:370,0
DA:381,0
DA:382,0
DA:385,0
DA:399,0
DA:400,0
DA:403,0
LF:131
LH:0
BRDA:9,0,0,0
BRDA:9,0,1,0
BRDA:66,1,0,0
BRDA:66,1,1,0
BRDA:67,2,0,0
BRDA:67,2,1,0
BRDA:76,3,0,0
BRDA:76,3,1,0
BRDA:82,4,0,0
BRDA:82,4,1,0
BRDA:85,5,0,0
BRDA:85,5,1,0
BRDA:85,6,0,0
BRDA:85,6,1,0
BRDA:89,7,0,0
BRDA:89,7,1,0
BRDA:91,8,0,0
BRDA:91,8,1,0
BRDA:105,9,0,0
BRDA:105,9,1,0
BRDA:112,10,0,0
BRDA:112,10,1,0
BRDA:112,11,0,0
BRDA:112,11,1,0
BRDA:114,12,0,0
BRDA:114,12,1,0
BRDA:115,13,0,0
BRDA:115,13,1,0
BRDA:120,14,0,0
BRDA:120,14,1,0
BRDA:121,15,0,0
BRDA:121,15,1,0
BRDA:122,16,0,0
BRDA:122,16,1,0
BRDA:134,17,0,0
BRDA:134,17,1,0
BRDA:149,18,0,0
BRDA:149,18,1,0
BRDA:149,19,0,0
BRDA:149,19,1,0
BRDA:158,20,0,0
BRDA:158,20,1,0
BRDA:158,21,0,0
BRDA:158,21,1,0
BRDA:159,22,0,0
BRDA:159,22,1,0
BRDA:159,23,0,0
BRDA:159,23,1,0
BRDA:160,24,0,0
BRDA:160,24,1,0
BRDA:161,25,0,0
BRDA:161,25,1,0
BRDA:162,26,0,0
BRDA:162,26,1,0
BRDA:214,27,0,0
BRDA:214,27,1,0
BRDA:215,28,0,0
BRDA:215,28,1,0
BRDA:223,29,0,0
BRDA:223,29,1,0
BRDA:229,30,0,0
BRDA:229,30,1,0
BRDA:232,31,0,0
BRDA:232,31,1,0
BRDA:232,32,0,0
BRDA:232,32,1,0
BRDA:236,33,0,0
BRDA:236,33,1,0
BRDA:238,34,0,0
BRDA:238,34,1,0
BRDA:251,35,0,0
BRDA:251,35,1,0
BRDA:265,36,0,0
BRDA:265,36,1,0
BRDA:330,37,0,0
BRDA:330,37,1,0
BRDA:340,38,0,0
BRDA:340,38,1,0
BRDA:340,39,0,0
BRDA:340,39,1,0
BRDA:341,40,0,0
BRDA:341,40,1,0
BRDA:351,41,0,0
BRDA:351,41,1,0
BRDA:360,42,0,0
BRDA:360,42,1,0
BRDA:360,43,0,0
BRDA:360,43,1,0
BRDA:361,44,0,0
BRDA:361,44,1,0
BRDA:364,45,0,0
BRDA:364,45,1,0
BRF:92
BRH:0
end_of_record
